{"C:\\Users\\roonawa\\quintessence\\quintessence\\src\\models\\Memo.ts": {"path":"C:\\Users\\roonawa\\quintessence\\quintessence\\src\\models\\Memo.ts","statementMap":{"0":{"start":{"line":26,"column":4},"end":{"line":26,"column":null}},"1":{"start":{"line":27,"column":4},"end":{"line":27,"column":null}},"2":{"start":{"line":28,"column":4},"end":{"line":28,"column":null}},"3":{"start":{"line":29,"column":4},"end":{"line":29,"column":null}},"4":{"start":{"line":30,"column":4},"end":{"line":30,"column":null}},"5":{"start":{"line":31,"column":4},"end":{"line":31,"column":null}},"6":{"start":{"line":32,"column":4},"end":{"line":32,"column":null}},"7":{"start":{"line":33,"column":4},"end":{"line":33,"column":null}},"8":{"start":{"line":34,"column":4},"end":{"line":34,"column":null}},"9":{"start":{"line":35,"column":4},"end":{"line":35,"column":null}},"10":{"start":{"line":36,"column":4},"end":{"line":36,"column":null}},"11":{"start":{"line":50,"column":10},"end":{"line":50,"column":null}},"12":{"start":{"line":51,"column":4},"end":{"line":53,"column":null}},"13":{"start":{"line":52,"column":6},"end":{"line":52,"column":null}},"14":{"start":{"line":55,"column":10},"end":{"line":55,"column":null}},"15":{"start":{"line":56,"column":4},"end":{"line":58,"column":null}},"16":{"start":{"line":57,"column":6},"end":{"line":57,"column":null}},"17":{"start":{"line":60,"column":4},"end":{"line":65,"column":null}},"18":{"start":{"line":61,"column":12},"end":{"line":61,"column":null}},"19":{"start":{"line":62,"column":6},"end":{"line":64,"column":null}},"20":{"start":{"line":63,"column":8},"end":{"line":63,"column":null}},"21":{"start":{"line":68,"column":10},"end":{"line":68,"column":null}},"22":{"start":{"line":69,"column":10},"end":{"line":69,"column":null}},"23":{"start":{"line":70,"column":10},"end":{"line":70,"column":null}},"24":{"start":{"line":70,"column":48},"end":{"line":70,"column":73}},"25":{"start":{"line":72,"column":4},"end":{"line":79,"column":null}},"26":{"start":{"line":93,"column":4},"end":{"line":99,"column":null}},"27":{"start":{"line":94,"column":12},"end":{"line":94,"column":null}},"28":{"start":{"line":95,"column":6},"end":{"line":97,"column":null}},"29":{"start":{"line":96,"column":8},"end":{"line":96,"column":null}},"30":{"start":{"line":98,"column":6},"end":{"line":98,"column":null}},"31":{"start":{"line":101,"column":4},"end":{"line":107,"column":null}},"32":{"start":{"line":102,"column":12},"end":{"line":102,"column":null}},"33":{"start":{"line":103,"column":6},"end":{"line":105,"column":null}},"34":{"start":{"line":104,"column":8},"end":{"line":104,"column":null}},"35":{"start":{"line":106,"column":6},"end":{"line":106,"column":null}},"36":{"start":{"line":109,"column":4},"end":{"line":115,"column":null}},"37":{"start":{"line":110,"column":12},"end":{"line":110,"column":null}},"38":{"start":{"line":111,"column":6},"end":{"line":113,"column":null}},"39":{"start":{"line":112,"column":8},"end":{"line":112,"column":null}},"40":{"start":{"line":114,"column":6},"end":{"line":114,"column":null}},"41":{"start":{"line":114,"column":35},"end":{"line":114,"column":60}},"42":{"start":{"line":117,"column":4},"end":{"line":119,"column":null}},"43":{"start":{"line":118,"column":6},"end":{"line":118,"column":null}},"44":{"start":{"line":121,"column":4},"end":{"line":123,"column":null}},"45":{"start":{"line":122,"column":6},"end":{"line":122,"column":null}},"46":{"start":{"line":125,"column":4},"end":{"line":127,"column":null}},"47":{"start":{"line":126,"column":6},"end":{"line":126,"column":null}},"48":{"start":{"line":129,"column":4},"end":{"line":129,"column":null}},"49":{"start":{"line":136,"column":4},"end":{"line":139,"column":null}},"50":{"start":{"line":137,"column":6},"end":{"line":137,"column":null}},"51":{"start":{"line":138,"column":6},"end":{"line":138,"column":null}},"52":{"start":{"line":146,"column":18},"end":{"line":146,"column":null}},"53":{"start":{"line":147,"column":4},"end":{"line":150,"column":null}},"54":{"start":{"line":148,"column":6},"end":{"line":148,"column":null}},"55":{"start":{"line":149,"column":6},"end":{"line":149,"column":null}},"56":{"start":{"line":157,"column":10},"end":{"line":157,"column":null}},"57":{"start":{"line":158,"column":10},"end":{"line":158,"column":null}},"58":{"start":{"line":159,"column":4},"end":{"line":161,"column":null}},"59":{"start":{"line":160,"column":6},"end":{"line":160,"column":null}},"60":{"start":{"line":163,"column":4},"end":{"line":166,"column":null}},"61":{"start":{"line":164,"column":6},"end":{"line":164,"column":null}},"62":{"start":{"line":165,"column":6},"end":{"line":165,"column":null}},"63":{"start":{"line":173,"column":18},"end":{"line":173,"column":null}},"64":{"start":{"line":174,"column":4},"end":{"line":177,"column":null}},"65":{"start":{"line":175,"column":6},"end":{"line":175,"column":null}},"66":{"start":{"line":176,"column":6},"end":{"line":176,"column":null}},"67":{"start":{"line":184,"column":4},"end":{"line":184,"column":null}},"68":{"start":{"line":185,"column":4},"end":{"line":185,"column":null}},"69":{"start":{"line":192,"column":4},"end":{"line":192,"column":null}},"70":{"start":{"line":193,"column":4},"end":{"line":193,"column":null}},"71":{"start":{"line":200,"column":23},"end":{"line":200,"column":null}},"72":{"start":{"line":201,"column":4},"end":{"line":204,"column":null}},"73":{"start":{"line":204,"column":28},"end":{"line":204,"column":66}},"74":{"start":{"line":212,"column":4},"end":{"line":212,"column":null}},"75":{"start":{"line":219,"column":4},"end":{"line":219,"column":null}},"76":{"start":{"line":226,"column":4},"end":{"line":226,"column":null}},"77":{"start":{"line":233,"column":4},"end":{"line":235,"column":null}},"78":{"start":{"line":234,"column":6},"end":{"line":234,"column":null}},"79":{"start":{"line":236,"column":4},"end":{"line":236,"column":null}},"80":{"start":{"line":243,"column":4},"end":{"line":255,"column":null}},"81":{"start":{"line":262,"column":4},"end":{"line":266,"column":null}},"82":{"start":{"line":273,"column":4},"end":{"line":282,"column":null}},"83":{"start":{"line":290,"column":17},"end":{"line":290,"column":null}},"84":{"start":{"line":291,"column":4},"end":{"line":291,"column":null}},"85":{"start":{"line":291,"column":15},"end":{"line":291,"column":null}},"86":{"start":{"line":294,"column":10},"end":{"line":294,"column":null}},"87":{"start":{"line":295,"column":10},"end":{"line":295,"column":null}},"88":{"start":{"line":297,"column":4},"end":{"line":297,"column":null}},"89":{"start":{"line":304,"column":22},"end":{"line":304,"column":null}},"90":{"start":{"line":306,"column":4},"end":{"line":306,"column":null}}},"fnMap":{"0":{"name":"(anonymous_0)","decl":{"start":{"line":25,"column":2},"end":{"line":25,"column":14}},"loc":{"start":{"line":25,"column":49},"end":{"line":37,"column":null}},"line":25},"1":{"name":"(anonymous_1)","decl":{"start":{"line":42,"column":9},"end":{"line":42,"column":16}},"loc":{"start":{"line":48,"column":11},"end":{"line":80,"column":null}},"line":48},"2":{"name":"(anonymous_2)","decl":{"start":{"line":70,"column":48},"end":{"line":70,"column":55}},"loc":{"start":{"line":70,"column":48},"end":{"line":70,"column":73}},"line":70},"3":{"name":"(anonymous_3)","decl":{"start":{"line":85,"column":2},"end":{"line":85,"column":9}},"loc":{"start":{"line":92,"column":11},"end":{"line":130,"column":null}},"line":92},"4":{"name":"(anonymous_4)","decl":{"start":{"line":114,"column":35},"end":{"line":114,"column":42}},"loc":{"start":{"line":114,"column":35},"end":{"line":114,"column":60}},"line":114},"5":{"name":"(anonymous_5)","decl":{"start":{"line":135,"column":2},"end":{"line":135,"column":16}},"loc":{"start":{"line":135,"column":44},"end":{"line":140,"column":null}},"line":135},"6":{"name":"(anonymous_6)","decl":{"start":{"line":145,"column":2},"end":{"line":145,"column":19}},"loc":{"start":{"line":145,"column":47},"end":{"line":151,"column":null}},"line":145},"7":{"name":"(anonymous_7)","decl":{"start":{"line":156,"column":2},"end":{"line":156,"column":9}},"loc":{"start":{"line":156,"column":28},"end":{"line":167,"column":null}},"line":156},"8":{"name":"(anonymous_8)","decl":{"start":{"line":172,"column":2},"end":{"line":172,"column":12}},"loc":{"start":{"line":172,"column":31},"end":{"line":178,"column":null}},"line":172},"9":{"name":"(anonymous_9)","decl":{"start":{"line":183,"column":2},"end":{"line":183,"column":18}},"loc":{"start":{"line":183,"column":18},"end":{"line":186,"column":null}},"line":183},"10":{"name":"(anonymous_10)","decl":{"start":{"line":191,"column":2},"end":{"line":191,"column":18}},"loc":{"start":{"line":191,"column":18},"end":{"line":194,"column":null}},"line":191},"11":{"name":"(anonymous_11)","decl":{"start":{"line":199,"column":2},"end":{"line":199,"column":16}},"loc":{"start":{"line":199,"column":40},"end":{"line":206,"column":null}},"line":199},"12":{"name":"(anonymous_12)","decl":{"start":{"line":204,"column":21},"end":{"line":204,"column":28}},"loc":{"start":{"line":204,"column":28},"end":{"line":204,"column":66}},"line":204},"13":{"name":"(anonymous_13)","decl":{"start":{"line":211,"column":2},"end":{"line":211,"column":34}},"loc":{"start":{"line":211,"column":34},"end":{"line":213,"column":null}},"line":211},"14":{"name":"(anonymous_14)","decl":{"start":{"line":218,"column":2},"end":{"line":218,"column":34}},"loc":{"start":{"line":218,"column":34},"end":{"line":220,"column":null}},"line":218},"15":{"name":"(anonymous_15)","decl":{"start":{"line":225,"column":2},"end":{"line":225,"column":24}},"loc":{"start":{"line":225,"column":24},"end":{"line":227,"column":null}},"line":225},"16":{"name":"(anonymous_16)","decl":{"start":{"line":232,"column":2},"end":{"line":232,"column":13}},"loc":{"start":{"line":232,"column":46},"end":{"line":237,"column":null}},"line":232},"17":{"name":"(anonymous_17)","decl":{"start":{"line":242,"column":2},"end":{"line":242,"column":26}},"loc":{"start":{"line":242,"column":26},"end":{"line":256,"column":null}},"line":242},"18":{"name":"(anonymous_18)","decl":{"start":{"line":261,"column":9},"end":{"line":261,"column":18}},"loc":{"start":{"line":261,"column":45},"end":{"line":267,"column":null}},"line":261},"19":{"name":"(anonymous_19)","decl":{"start":{"line":272,"column":2},"end":{"line":272,"column":16}},"loc":{"start":{"line":272,"column":16},"end":{"line":283,"column":null}},"line":272},"20":{"name":"(anonymous_20)","decl":{"start":{"line":288,"column":2},"end":{"line":288,"column":25}},"loc":{"start":{"line":288,"column":25},"end":{"line":298,"column":null}},"line":288},"21":{"name":"(anonymous_21)","decl":{"start":{"line":303,"column":2},"end":{"line":303,"column":27}},"loc":{"start":{"line":303,"column":27},"end":{"line":307,"column":null}},"line":303}},"branchMap":{"0":{"loc":{"start":{"line":25,"column":14},"end":{"line":25,"column":49}},"type":"default-arg","locations":[{"start":{"line":25,"column":45},"end":{"line":25,"column":49}}],"line":25},"1":{"loc":{"start":{"line":26,"column":14},"end":{"line":26,"column":null}},"type":"binary-expr","locations":[{"start":{"line":26,"column":14},"end":{"line":26,"column":25}},{"start":{"line":26,"column":19},"end":{"line":26,"column":null}}],"line":26},"2":{"loc":{"start":{"line":27,"column":17},"end":{"line":27,"column":null}},"type":"binary-expr","locations":[{"start":{"line":27,"column":17},"end":{"line":27,"column":31}},{"start":{"line":27,"column":31},"end":{"line":27,"column":null}}],"line":27},"3":{"loc":{"start":{"line":28,"column":16},"end":{"line":28,"column":null}},"type":"binary-expr","locations":[{"start":{"line":28,"column":16},"end":{"line":28,"column":29}},{"start":{"line":28,"column":29},"end":{"line":28,"column":null}}],"line":28},"4":{"loc":{"start":{"line":29,"column":16},"end":{"line":29,"column":null}},"type":"binary-expr","locations":[{"start":{"line":29,"column":16},"end":{"line":29,"column":29}},{"start":{"line":29,"column":29},"end":{"line":29,"column":null}}],"line":29},"5":{"loc":{"start":{"line":30,"column":25},"end":{"line":30,"column":null}},"type":"binary-expr","locations":[{"start":{"line":30,"column":25},"end":{"line":30,"column":47}},{"start":{"line":30,"column":47},"end":{"line":30,"column":null}}],"line":30},"6":{"loc":{"start":{"line":31,"column":18},"end":{"line":31,"column":null}},"type":"binary-expr","locations":[{"start":{"line":31,"column":18},"end":{"line":31,"column":33}},{"start":{"line":31,"column":33},"end":{"line":31,"column":null}}],"line":31},"7":{"loc":{"start":{"line":32,"column":20},"end":{"line":32,"column":null}},"type":"binary-expr","locations":[{"start":{"line":32,"column":20},"end":{"line":32,"column":37}},{"start":{"line":32,"column":37},"end":{"line":32,"column":null}}],"line":32},"8":{"loc":{"start":{"line":33,"column":21},"end":{"line":33,"column":null}},"type":"binary-expr","locations":[{"start":{"line":33,"column":21},"end":{"line":33,"column":39}},{"start":{"line":33,"column":39},"end":{"line":33,"column":null}}],"line":33},"9":{"loc":{"start":{"line":34,"column":21},"end":{"line":34,"column":null}},"type":"binary-expr","locations":[{"start":{"line":34,"column":21},"end":{"line":34,"column":39}},{"start":{"line":34,"column":39},"end":{"line":34,"column":null}}],"line":34},"10":{"loc":{"start":{"line":35,"column":21},"end":{"line":35,"column":null}},"type":"binary-expr","locations":[{"start":{"line":35,"column":21},"end":{"line":35,"column":39}},{"start":{"line":35,"column":39},"end":{"line":35,"column":null}}],"line":35},"11":{"loc":{"start":{"line":36,"column":23},"end":{"line":36,"column":null}},"type":"binary-expr","locations":[{"start":{"line":36,"column":23},"end":{"line":36,"column":43}},{"start":{"line":36,"column":43},"end":{"line":36,"column":null}}],"line":36},"12":{"loc":{"start":{"line":51,"column":4},"end":{"line":53,"column":null}},"type":"if","locations":[{"start":{"line":51,"column":4},"end":{"line":53,"column":null}},{"start":{},"end":{}}],"line":51},"13":{"loc":{"start":{"line":56,"column":4},"end":{"line":58,"column":null}},"type":"if","locations":[{"start":{"line":56,"column":4},"end":{"line":58,"column":null}},{"start":{},"end":{}}],"line":56},"14":{"loc":{"start":{"line":60,"column":4},"end":{"line":65,"column":null}},"type":"if","locations":[{"start":{"line":60,"column":4},"end":{"line":65,"column":null}},{"start":{},"end":{}}],"line":60},"15":{"loc":{"start":{"line":62,"column":6},"end":{"line":64,"column":null}},"type":"if","locations":[{"start":{"line":62,"column":6},"end":{"line":64,"column":null}},{"start":{},"end":{}}],"line":62},"16":{"loc":{"start":{"line":70,"column":27},"end":{"line":70,"column":44}},"type":"binary-expr","locations":[{"start":{"line":70,"column":27},"end":{"line":70,"column":40}},{"start":{"line":70,"column":40},"end":{"line":70,"column":44}}],"line":70},"17":{"loc":{"start":{"line":76,"column":17},"end":{"line":76,"column":null}},"type":"binary-expr","locations":[{"start":{"line":76,"column":17},"end":{"line":76,"column":35}},{"start":{"line":76,"column":35},"end":{"line":76,"column":null}}],"line":76},"18":{"loc":{"start":{"line":77,"column":16},"end":{"line":77,"column":null}},"type":"binary-expr","locations":[{"start":{"line":77,"column":16},"end":{"line":77,"column":33}},{"start":{"line":77,"column":33},"end":{"line":77,"column":null}}],"line":77},"19":{"loc":{"start":{"line":93,"column":4},"end":{"line":99,"column":null}},"type":"if","locations":[{"start":{"line":93,"column":4},"end":{"line":99,"column":null}},{"start":{},"end":{}}],"line":93},"20":{"loc":{"start":{"line":95,"column":6},"end":{"line":97,"column":null}},"type":"if","locations":[{"start":{"line":95,"column":6},"end":{"line":97,"column":null}},{"start":{},"end":{}}],"line":95},"21":{"loc":{"start":{"line":101,"column":4},"end":{"line":107,"column":null}},"type":"if","locations":[{"start":{"line":101,"column":4},"end":{"line":107,"column":null}},{"start":{},"end":{}}],"line":101},"22":{"loc":{"start":{"line":103,"column":6},"end":{"line":105,"column":null}},"type":"if","locations":[{"start":{"line":103,"column":6},"end":{"line":105,"column":null}},{"start":{},"end":{}}],"line":103},"23":{"loc":{"start":{"line":109,"column":4},"end":{"line":115,"column":null}},"type":"if","locations":[{"start":{"line":109,"column":4},"end":{"line":115,"column":null}},{"start":{},"end":{}}],"line":109},"24":{"loc":{"start":{"line":111,"column":6},"end":{"line":113,"column":null}},"type":"if","locations":[{"start":{"line":111,"column":6},"end":{"line":113,"column":null}},{"start":{},"end":{}}],"line":111},"25":{"loc":{"start":{"line":117,"column":4},"end":{"line":119,"column":null}},"type":"if","locations":[{"start":{"line":117,"column":4},"end":{"line":119,"column":null}},{"start":{},"end":{}}],"line":117},"26":{"loc":{"start":{"line":121,"column":4},"end":{"line":123,"column":null}},"type":"if","locations":[{"start":{"line":121,"column":4},"end":{"line":123,"column":null}},{"start":{},"end":{}}],"line":121},"27":{"loc":{"start":{"line":125,"column":4},"end":{"line":127,"column":null}},"type":"if","locations":[{"start":{"line":125,"column":4},"end":{"line":127,"column":null}},{"start":{},"end":{}}],"line":125},"28":{"loc":{"start":{"line":136,"column":4},"end":{"line":139,"column":null}},"type":"if","locations":[{"start":{"line":136,"column":4},"end":{"line":139,"column":null}},{"start":{},"end":{}}],"line":136},"29":{"loc":{"start":{"line":147,"column":4},"end":{"line":150,"column":null}},"type":"if","locations":[{"start":{"line":147,"column":4},"end":{"line":150,"column":null}},{"start":{},"end":{}}],"line":147},"30":{"loc":{"start":{"line":159,"column":4},"end":{"line":161,"column":null}},"type":"if","locations":[{"start":{"line":159,"column":4},"end":{"line":161,"column":null}},{"start":{},"end":{}}],"line":159},"31":{"loc":{"start":{"line":163,"column":4},"end":{"line":166,"column":null}},"type":"if","locations":[{"start":{"line":163,"column":4},"end":{"line":166,"column":null}},{"start":{},"end":{}}],"line":163},"32":{"loc":{"start":{"line":174,"column":4},"end":{"line":177,"column":null}},"type":"if","locations":[{"start":{"line":174,"column":4},"end":{"line":177,"column":null}},{"start":{},"end":{}}],"line":174},"33":{"loc":{"start":{"line":202,"column":6},"end":{"line":204,"column":null}},"type":"binary-expr","locations":[{"start":{"line":202,"column":6},"end":{"line":202,"column":null}},{"start":{"line":203,"column":6},"end":{"line":203,"column":null}},{"start":{"line":204,"column":6},"end":{"line":204,"column":null}}],"line":202},"34":{"loc":{"start":{"line":232,"column":13},"end":{"line":232,"column":46}},"type":"default-arg","locations":[{"start":{"line":232,"column":33},"end":{"line":232,"column":46}}],"line":232},"35":{"loc":{"start":{"line":233,"column":4},"end":{"line":235,"column":null}},"type":"if","locations":[{"start":{"line":233,"column":4},"end":{"line":235,"column":null}},{"start":{},"end":{}}],"line":233},"36":{"loc":{"start":{"line":291,"column":4},"end":{"line":291,"column":null}},"type":"if","locations":[{"start":{"line":291,"column":4},"end":{"line":291,"column":null}},{"start":{},"end":{}}],"line":291},"37":{"loc":{"start":{"line":294,"column":27},"end":{"line":294,"column":91}},"type":"binary-expr","locations":[{"start":{"line":294,"column":27},"end":{"line":294,"column":87}},{"start":{"line":294,"column":87},"end":{"line":294,"column":91}}],"line":294},"38":{"loc":{"start":{"line":295,"column":26},"end":{"line":295,"column":58}},"type":"binary-expr","locations":[{"start":{"line":295,"column":26},"end":{"line":295,"column":54}},{"start":{"line":295,"column":54},"end":{"line":295,"column":58}}],"line":295}},"s":{"0":62,"1":62,"2":62,"3":62,"4":62,"5":62,"6":62,"7":62,"8":62,"9":62,"10":62,"11":2,"12":2,"13":1,"14":1,"15":1,"16":0,"17":1,"18":1,"19":1,"20":0,"21":1,"22":1,"23":1,"24":1,"25":2,"26":3,"27":2,"28":2,"29":0,"30":2,"31":3,"32":2,"33":2,"34":0,"35":2,"36":3,"37":0,"38":0,"39":0,"40":0,"41":0,"42":3,"43":1,"44":3,"45":0,"46":3,"47":0,"48":3,"49":7,"50":6,"51":6,"52":2,"53":2,"54":1,"55":1,"56":6,"57":6,"58":6,"59":3,"60":3,"61":3,"62":3,"63":2,"64":2,"65":1,"66":1,"67":2,"68":2,"69":1,"70":1,"71":13,"72":13,"73":12,"74":0,"75":0,"76":0,"77":0,"78":0,"79":0,"80":9,"81":6,"82":2,"83":3,"84":3,"85":1,"86":2,"87":3,"88":3,"89":0,"90":0},"f":{"0":62,"1":62,"2":1,"3":3,"4":0,"5":7,"6":2,"7":6,"8":2,"9":2,"10":1,"11":13,"12":12,"13":0,"14":0,"15":0,"16":0,"17":9,"18":62,"19":2,"20":3,"21":0},"b":{"0":[62],"1":[62,49],"2":[62,4],"3":[62,4],"4":[62,12],"5":[62,54],"6":[62,18],"7":[62,18],"8":[62,61],"9":[62,56],"10":[62,56],"11":[62,55],"12":[1,1],"13":[0,1],"14":[1,0],"15":[0,1],"16":[1,0],"17":[2,1],"18":[2,0],"19":[2,1],"20":[0,2],"21":[2,1],"22":[0,2],"23":[0,3],"24":[0,0],"25":[1,2],"26":[0,3],"27":[0,3],"28":[6,1],"29":[1,1],"30":[3,3],"31":[3,0],"32":[1,1],"33":[13,8,3],"34":[0],"35":[0,0],"36":[1,2],"37":[2,2],"38":[3,0]},"meta":{"lastBranch":39,"lastFunction":22,"lastStatement":91,"seen":{"f:25:2:25:14":0,"b:25:45:25:49":0,"s:26:4:26:Infinity":0,"b:26:14:26:25:26:19:26:Infinity":1,"s:27:4:27:Infinity":1,"b:27:17:27:31:27:31:27:Infinity":2,"s:28:4:28:Infinity":2,"b:28:16:28:29:28:29:28:Infinity":3,"s:29:4:29:Infinity":3,"b:29:16:29:29:29:29:29:Infinity":4,"s:30:4:30:Infinity":4,"b:30:25:30:47:30:47:30:Infinity":5,"s:31:4:31:Infinity":5,"b:31:18:31:33:31:33:31:Infinity":6,"s:32:4:32:Infinity":6,"b:32:20:32:37:32:37:32:Infinity":7,"s:33:4:33:Infinity":7,"b:33:21:33:39:33:39:33:Infinity":8,"s:34:4:34:Infinity":8,"b:34:21:34:39:34:39:34:Infinity":9,"s:35:4:35:Infinity":9,"b:35:21:35:39:35:39:35:Infinity":10,"s:36:4:36:Infinity":10,"b:36:23:36:43:36:43:36:Infinity":11,"f:42:9:42:16":1,"s:50:10:50:Infinity":11,"b:51:4:53:Infinity:undefined:undefined:undefined:undefined":12,"s:51:4:53:Infinity":12,"s:52:6:52:Infinity":13,"s:55:10:55:Infinity":14,"b:56:4:58:Infinity:undefined:undefined:undefined:undefined":13,"s:56:4:58:Infinity":15,"s:57:6:57:Infinity":16,"b:60:4:65:Infinity:undefined:undefined:undefined:undefined":14,"s:60:4:65:Infinity":17,"s:61:12:61:Infinity":18,"b:62:6:64:Infinity:undefined:undefined:undefined:undefined":15,"s:62:6:64:Infinity":19,"s:63:8:63:Infinity":20,"s:68:10:68:Infinity":21,"s:69:10:69:Infinity":22,"s:70:10:70:Infinity":23,"b:70:27:70:40:70:40:70:44":16,"f:70:48:70:55":2,"s:70:48:70:73":24,"s:72:4:79:Infinity":25,"b:76:17:76:35:76:35:76:Infinity":17,"b:77:16:77:33:77:33:77:Infinity":18,"f:85:2:85:9":3,"b:93:4:99:Infinity:undefined:undefined:undefined:undefined":19,"s:93:4:99:Infinity":26,"s:94:12:94:Infinity":27,"b:95:6:97:Infinity:undefined:undefined:undefined:undefined":20,"s:95:6:97:Infinity":28,"s:96:8:96:Infinity":29,"s:98:6:98:Infinity":30,"b:101:4:107:Infinity:undefined:undefined:undefined:undefined":21,"s:101:4:107:Infinity":31,"s:102:12:102:Infinity":32,"b:103:6:105:Infinity:undefined:undefined:undefined:undefined":22,"s:103:6:105:Infinity":33,"s:104:8:104:Infinity":34,"s:106:6:106:Infinity":35,"b:109:4:115:Infinity:undefined:undefined:undefined:undefined":23,"s:109:4:115:Infinity":36,"s:110:12:110:Infinity":37,"b:111:6:113:Infinity:undefined:undefined:undefined:undefined":24,"s:111:6:113:Infinity":38,"s:112:8:112:Infinity":39,"s:114:6:114:Infinity":40,"f:114:35:114:42":4,"s:114:35:114:60":41,"b:117:4:119:Infinity:undefined:undefined:undefined:undefined":25,"s:117:4:119:Infinity":42,"s:118:6:118:Infinity":43,"b:121:4:123:Infinity:undefined:undefined:undefined:undefined":26,"s:121:4:123:Infinity":44,"s:122:6:122:Infinity":45,"b:125:4:127:Infinity:undefined:undefined:undefined:undefined":27,"s:125:4:127:Infinity":46,"s:126:6:126:Infinity":47,"s:129:4:129:Infinity":48,"f:135:2:135:16":5,"b:136:4:139:Infinity:undefined:undefined:undefined:undefined":28,"s:136:4:139:Infinity":49,"s:137:6:137:Infinity":50,"s:138:6:138:Infinity":51,"f:145:2:145:19":6,"s:146:18:146:Infinity":52,"b:147:4:150:Infinity:undefined:undefined:undefined:undefined":29,"s:147:4:150:Infinity":53,"s:148:6:148:Infinity":54,"s:149:6:149:Infinity":55,"f:156:2:156:9":7,"s:157:10:157:Infinity":56,"s:158:10:158:Infinity":57,"b:159:4:161:Infinity:undefined:undefined:undefined:undefined":30,"s:159:4:161:Infinity":58,"s:160:6:160:Infinity":59,"b:163:4:166:Infinity:undefined:undefined:undefined:undefined":31,"s:163:4:166:Infinity":60,"s:164:6:164:Infinity":61,"s:165:6:165:Infinity":62,"f:172:2:172:12":8,"s:173:18:173:Infinity":63,"b:174:4:177:Infinity:undefined:undefined:undefined:undefined":32,"s:174:4:177:Infinity":64,"s:175:6:175:Infinity":65,"s:176:6:176:Infinity":66,"f:183:2:183:18":9,"s:184:4:184:Infinity":67,"s:185:4:185:Infinity":68,"f:191:2:191:18":10,"s:192:4:192:Infinity":69,"s:193:4:193:Infinity":70,"f:199:2:199:16":11,"s:200:23:200:Infinity":71,"s:201:4:204:Infinity":72,"b:202:6:202:Infinity:203:6:203:Infinity:204:6:204:Infinity":33,"f:204:21:204:28":12,"s:204:28:204:66":73,"f:211:2:211:34":13,"s:212:4:212:Infinity":74,"f:218:2:218:34":14,"s:219:4:219:Infinity":75,"f:225:2:225:24":15,"s:226:4:226:Infinity":76,"f:232:2:232:13":16,"b:232:33:232:46":34,"b:233:4:235:Infinity:undefined:undefined:undefined:undefined":35,"s:233:4:235:Infinity":77,"s:234:6:234:Infinity":78,"s:236:4:236:Infinity":79,"f:242:2:242:26":17,"s:243:4:255:Infinity":80,"f:261:9:261:18":18,"s:262:4:266:Infinity":81,"f:272:2:272:16":19,"s:273:4:282:Infinity":82,"f:288:2:288:25":20,"s:290:17:290:Infinity":83,"b:291:4:291:Infinity:undefined:undefined:undefined:undefined":36,"s:291:4:291:Infinity":84,"s:291:15:291:Infinity":85,"s:294:10:294:Infinity":86,"b:294:27:294:87:294:87:294:91":37,"s:295:10:295:Infinity":87,"b:295:26:295:54:295:54:295:58":38,"s:297:4:297:Infinity":88,"f:303:2:303:27":21,"s:304:22:304:Infinity":89,"s:306:4:306:Infinity":90}}}
,"C:\\Users\\roonawa\\quintessence\\quintessence\\src\\services\\MemoService.ts": {"path":"C:\\Users\\roonawa\\quintessence\\quintessence\\src\\services\\MemoService.ts","statementMap":{"0":{"start":{"line":14,"column":40},"end":{"line":14,"column":null}},"1":{"start":{"line":21,"column":4},"end":{"line":21,"column":null}},"2":{"start":{"line":22,"column":4},"end":{"line":22,"column":null}},"3":{"start":{"line":26,"column":4},"end":{"line":28,"column":null}},"4":{"start":{"line":27,"column":6},"end":{"line":27,"column":null}},"5":{"start":{"line":29,"column":4},"end":{"line":29,"column":null}},"6":{"start":{"line":36,"column":4},"end":{"line":61,"column":null}},"7":{"start":{"line":37,"column":19},"end":{"line":43,"column":null}},"8":{"start":{"line":46,"column":6},"end":{"line":46,"column":null}},"9":{"start":{"line":49,"column":6},"end":{"line":53,"column":null}},"10":{"start":{"line":50,"column":8},"end":{"line":50,"column":null}},"11":{"start":{"line":52,"column":8},"end":{"line":52,"column":null}},"12":{"start":{"line":55,"column":6},"end":{"line":55,"column":null}},"13":{"start":{"line":57,"column":6},"end":{"line":59,"column":null}},"14":{"start":{"line":58,"column":8},"end":{"line":58,"column":null}},"15":{"start":{"line":60,"column":6},"end":{"line":60,"column":null}},"16":{"start":{"line":68,"column":4},"end":{"line":74,"column":null}},"17":{"start":{"line":69,"column":20},"end":{"line":69,"column":null}},"18":{"start":{"line":70,"column":24},"end":{"line":70,"column":null}},"19":{"start":{"line":70,"column":40},"end":{"line":70,"column":51}},"20":{"start":{"line":71,"column":6},"end":{"line":71,"column":null}},"21":{"start":{"line":73,"column":6},"end":{"line":73,"column":null}},"22":{"start":{"line":81,"column":4},"end":{"line":94,"column":null}},"23":{"start":{"line":82,"column":26},"end":{"line":82,"column":null}},"24":{"start":{"line":83,"column":18},"end":{"line":83,"column":null}},"25":{"start":{"line":83,"column":39},"end":{"line":83,"column":55}},"26":{"start":{"line":86,"column":6},"end":{"line":88,"column":null}},"27":{"start":{"line":87,"column":8},"end":{"line":87,"column":null}},"28":{"start":{"line":91,"column":6},"end":{"line":91,"column":null}},"29":{"start":{"line":91,"column":34},"end":{"line":91,"column":79}},"30":{"start":{"line":93,"column":6},"end":{"line":93,"column":null}},"31":{"start":{"line":101,"column":4},"end":{"line":128,"column":null}},"32":{"start":{"line":102,"column":19},"end":{"line":102,"column":null}},"33":{"start":{"line":103,"column":6},"end":{"line":105,"column":null}},"34":{"start":{"line":104,"column":8},"end":{"line":104,"column":null}},"35":{"start":{"line":107,"column":6},"end":{"line":112,"column":null}},"36":{"start":{"line":114,"column":6},"end":{"line":114,"column":null}},"37":{"start":{"line":116,"column":6},"end":{"line":120,"column":null}},"38":{"start":{"line":117,"column":8},"end":{"line":117,"column":null}},"39":{"start":{"line":119,"column":8},"end":{"line":119,"column":null}},"40":{"start":{"line":122,"column":6},"end":{"line":122,"column":null}},"41":{"start":{"line":124,"column":6},"end":{"line":126,"column":null}},"42":{"start":{"line":125,"column":8},"end":{"line":125,"column":null}},"43":{"start":{"line":127,"column":6},"end":{"line":127,"column":null}},"44":{"start":{"line":135,"column":4},"end":{"line":149,"column":null}},"45":{"start":{"line":137,"column":20},"end":{"line":137,"column":null}},"46":{"start":{"line":138,"column":28},"end":{"line":138,"column":null}},"47":{"start":{"line":138,"column":46},"end":{"line":138,"column":57}},"48":{"start":{"line":139,"column":6},"end":{"line":139,"column":null}},"49":{"start":{"line":142,"column":6},"end":{"line":146,"column":null}},"50":{"start":{"line":143,"column":8},"end":{"line":143,"column":null}},"51":{"start":{"line":145,"column":8},"end":{"line":145,"column":null}},"52":{"start":{"line":148,"column":6},"end":{"line":148,"column":null}},"53":{"start":{"line":156,"column":4},"end":{"line":185,"column":null}},"54":{"start":{"line":157,"column":6},"end":{"line":159,"column":null}},"55":{"start":{"line":158,"column":8},"end":{"line":158,"column":null}},"56":{"start":{"line":162,"column":28},"end":{"line":162,"column":null}},"57":{"start":{"line":163,"column":42},"end":{"line":163,"column":null}},"58":{"start":{"line":165,"column":6},"end":{"line":179,"column":null}},"59":{"start":{"line":165,"column":19},"end":{"line":165,"column":22}},"60":{"start":{"line":166,"column":29},"end":{"line":166,"column":null}},"61":{"start":{"line":167,"column":21},"end":{"line":167,"column":null}},"62":{"start":{"line":169,"column":8},"end":{"line":178,"column":null}},"63":{"start":{"line":170,"column":30},"end":{"line":170,"column":null}},"64":{"start":{"line":170,"column":76},"end":{"line":170,"column":92}},"65":{"start":{"line":171,"column":29},"end":{"line":171,"column":null}},"66":{"start":{"line":173,"column":10},"end":{"line":177,"column":null}},"67":{"start":{"line":181,"column":6},"end":{"line":181,"column":null}},"68":{"start":{"line":184,"column":6},"end":{"line":184,"column":null}},"69":{"start":{"line":192,"column":4},"end":{"line":233,"column":null}},"70":{"start":{"line":193,"column":23},"end":{"line":193,"column":null}},"71":{"start":{"line":194,"column":26},"end":{"line":194,"column":null}},"72":{"start":{"line":194,"column":72},"end":{"line":194,"column":88}},"73":{"start":{"line":195,"column":42},"end":{"line":195,"column":null}},"74":{"start":{"line":197,"column":6},"end":{"line":225,"column":null}},"75":{"start":{"line":198,"column":20},"end":{"line":198,"column":null}},"76":{"start":{"line":199,"column":37},"end":{"line":199,"column":null}},"77":{"start":{"line":201,"column":8},"end":{"line":216,"column":null}},"78":{"start":{"line":202,"column":10},"end":{"line":205,"column":null}},"79":{"start":{"line":203,"column":12},"end":{"line":203,"column":null}},"80":{"start":{"line":204,"column":12},"end":{"line":204,"column":null}},"81":{"start":{"line":206,"column":10},"end":{"line":210,"column":null}},"82":{"start":{"line":207,"column":12},"end":{"line":207,"column":null}},"83":{"start":{"line":208,"column":28},"end":{"line":208,"column":null}},"84":{"start":{"line":209,"column":12},"end":{"line":209,"column":null}},"85":{"start":{"line":209,"column":25},"end":{"line":209,"column":null}},"86":{"start":{"line":211,"column":10},"end":{"line":215,"column":null}},"87":{"start":{"line":211,"column":36},"end":{"line":211,"column":68}},"88":{"start":{"line":212,"column":12},"end":{"line":212,"column":null}},"89":{"start":{"line":213,"column":33},"end":{"line":213,"column":null}},"90":{"start":{"line":213,"column":57},"end":{"line":213,"column":89}},"91":{"start":{"line":214,"column":12},"end":{"line":214,"column":null}},"92":{"start":{"line":218,"column":8},"end":{"line":224,"column":null}},"93":{"start":{"line":219,"column":10},"end":{"line":223,"column":null}},"94":{"start":{"line":227,"column":6},"end":{"line":229,"column":null}},"95":{"start":{"line":228,"column":24},"end":{"line":228,"column":41}},"96":{"start":{"line":231,"column":6},"end":{"line":231,"column":null}},"97":{"start":{"line":232,"column":6},"end":{"line":232,"column":null}},"98":{"start":{"line":240,"column":22},"end":{"line":240,"column":null}},"99":{"start":{"line":241,"column":22},"end":{"line":241,"column":null}},"100":{"start":{"line":243,"column":4},"end":{"line":243,"column":null}},"101":{"start":{"line":243,"column":26},"end":{"line":243,"column":null}},"102":{"start":{"line":245,"column":18},"end":{"line":245,"column":null}},"103":{"start":{"line":246,"column":16},"end":{"line":246,"column":null}},"104":{"start":{"line":248,"column":4},"end":{"line":248,"column":null}},"105":{"start":{"line":255,"column":21},"end":{"line":255,"column":null}},"106":{"start":{"line":256,"column":4},"end":{"line":256,"column":null}},"107":{"start":{"line":256,"column":35},"end":{"line":256,"column":63}},"108":{"start":{"line":263,"column":21},"end":{"line":263,"column":null}},"109":{"start":{"line":264,"column":4},"end":{"line":266,"column":null}},"110":{"start":{"line":265,"column":6},"end":{"line":265,"column":null}},"111":{"start":{"line":265,"column":23},"end":{"line":265,"column":46}},"112":{"start":{"line":273,"column":17},"end":{"line":273,"column":null}},"113":{"start":{"line":274,"column":4},"end":{"line":276,"column":null}},"114":{"start":{"line":275,"column":6},"end":{"line":275,"column":null}},"115":{"start":{"line":278,"column":4},"end":{"line":278,"column":null}},"116":{"start":{"line":279,"column":4},"end":{"line":279,"column":null}},"117":{"start":{"line":280,"column":4},"end":{"line":280,"column":null}},"118":{"start":{"line":287,"column":17},"end":{"line":287,"column":null}},"119":{"start":{"line":288,"column":4},"end":{"line":290,"column":null}},"120":{"start":{"line":289,"column":6},"end":{"line":289,"column":null}},"121":{"start":{"line":292,"column":4},"end":{"line":292,"column":null}},"122":{"start":{"line":293,"column":4},"end":{"line":293,"column":null}},"123":{"start":{"line":294,"column":4},"end":{"line":294,"column":null}},"124":{"start":{"line":301,"column":25},"end":{"line":301,"column":null}},"125":{"start":{"line":302,"column":4},"end":{"line":304,"column":null}},"126":{"start":{"line":303,"column":6},"end":{"line":303,"column":null}},"127":{"start":{"line":306,"column":23},"end":{"line":306,"column":null}},"128":{"start":{"line":307,"column":4},"end":{"line":307,"column":null}},"129":{"start":{"line":309,"column":4},"end":{"line":313,"column":null}},"130":{"start":{"line":310,"column":6},"end":{"line":310,"column":null}},"131":{"start":{"line":312,"column":6},"end":{"line":312,"column":null}},"132":{"start":{"line":315,"column":4},"end":{"line":315,"column":null}},"133":{"start":{"line":328,"column":21},"end":{"line":328,"column":null}},"134":{"start":{"line":329,"column":23},"end":{"line":329,"column":null}},"135":{"start":{"line":331,"column":18},"end":{"line":337,"column":null}},"136":{"start":{"line":335,"column":47},"end":{"line":335,"column":53}},"137":{"start":{"line":336,"column":40},"end":{"line":336,"column":64}},"138":{"start":{"line":340,"column":4},"end":{"line":343,"column":null}},"139":{"start":{"line":341,"column":6},"end":{"line":341,"column":null}},"140":{"start":{"line":342,"column":6},"end":{"line":342,"column":null}},"141":{"start":{"line":345,"column":4},"end":{"line":345,"column":null}},"142":{"start":{"line":352,"column":21},"end":{"line":352,"column":null}},"143":{"start":{"line":353,"column":18},"end":{"line":353,"column":null}},"144":{"start":{"line":354,"column":26},"end":{"line":354,"column":null}},"145":{"start":{"line":354,"column":47},"end":{"line":354,"column":63}},"146":{"start":{"line":356,"column":4},"end":{"line":360,"column":null}},"147":{"start":{"line":357,"column":6},"end":{"line":357,"column":null}},"148":{"start":{"line":359,"column":6},"end":{"line":359,"column":null}},"149":{"start":{"line":362,"column":4},"end":{"line":362,"column":null}},"150":{"start":{"line":369,"column":4},"end":{"line":395,"column":null}},"151":{"start":{"line":370,"column":6},"end":{"line":373,"column":null}},"152":{"start":{"line":371,"column":31},"end":{"line":371,"column":null}},"153":{"start":{"line":371,"column":56},"end":{"line":371,"column":79}},"154":{"start":{"line":372,"column":8},"end":{"line":372,"column":null}},"155":{"start":{"line":372,"column":29},"end":{"line":372,"column":null}},"156":{"start":{"line":375,"column":6},"end":{"line":377,"column":null}},"157":{"start":{"line":376,"column":8},"end":{"line":376,"column":null}},"158":{"start":{"line":379,"column":6},"end":{"line":381,"column":null}},"159":{"start":{"line":380,"column":8},"end":{"line":380,"column":null}},"160":{"start":{"line":383,"column":6},"end":{"line":385,"column":null}},"161":{"start":{"line":384,"column":8},"end":{"line":384,"column":null}},"162":{"start":{"line":387,"column":6},"end":{"line":392,"column":null}},"163":{"start":{"line":388,"column":31},"end":{"line":388,"column":null}},"164":{"start":{"line":389,"column":8},"end":{"line":391,"column":null}},"165":{"start":{"line":390,"column":10},"end":{"line":390,"column":null}},"166":{"start":{"line":394,"column":6},"end":{"line":394,"column":null}},"167":{"start":{"line":402,"column":33},"end":{"line":402,"column":null}},"168":{"start":{"line":404,"column":4},"end":{"line":425,"column":null}},"169":{"start":{"line":406,"column":6},"end":{"line":408,"column":null}},"170":{"start":{"line":407,"column":8},"end":{"line":407,"column":null}},"171":{"start":{"line":411,"column":24},"end":{"line":411,"column":null}},"172":{"start":{"line":412,"column":24},"end":{"line":412,"column":null}},"173":{"start":{"line":413,"column":6},"end":{"line":418,"column":null}},"174":{"start":{"line":414,"column":22},"end":{"line":414,"column":null}},"175":{"start":{"line":415,"column":20},"end":{"line":415,"column":null}},"176":{"start":{"line":416,"column":24},"end":{"line":416,"column":null}},"177":{"start":{"line":417,"column":8},"end":{"line":417,"column":null}},"178":{"start":{"line":421,"column":27},"end":{"line":421,"column":null}},"179":{"start":{"line":421,"column":51},"end":{"line":421,"column":83}},"180":{"start":{"line":422,"column":6},"end":{"line":424,"column":null}},"181":{"start":{"line":423,"column":8},"end":{"line":423,"column":null}},"182":{"start":{"line":427,"column":4},"end":{"line":427,"column":null}}},"fnMap":{"0":{"name":"(anonymous_0)","decl":{"start":{"line":20,"column":10},"end":{"line":20,"column":24}},"loc":{"start":{"line":20,"column":24},"end":{"line":23,"column":null}},"line":20},"1":{"name":"(anonymous_1)","decl":{"start":{"line":25,"column":9},"end":{"line":25,"column":36}},"loc":{"start":{"line":25,"column":36},"end":{"line":30,"column":null}},"line":25},"2":{"name":"(anonymous_2)","decl":{"start":{"line":35,"column":8},"end":{"line":35,"column":19}},"loc":{"start":{"line":35,"column":62},"end":{"line":62,"column":null}},"line":35},"3":{"name":"(anonymous_3)","decl":{"start":{"line":67,"column":2},"end":{"line":67,"column":10}},"loc":{"start":{"line":67,"column":35},"end":{"line":75,"column":null}},"line":67},"4":{"name":"(anonymous_4)","decl":{"start":{"line":70,"column":35},"end":{"line":70,"column":40}},"loc":{"start":{"line":70,"column":40},"end":{"line":70,"column":51}},"line":70},"5":{"name":"(anonymous_5)","decl":{"start":{"line":80,"column":2},"end":{"line":80,"column":14}},"loc":{"start":{"line":80,"column":45},"end":{"line":95,"column":null}},"line":80},"6":{"name":"(anonymous_6)","decl":{"start":{"line":83,"column":34},"end":{"line":83,"column":39}},"loc":{"start":{"line":83,"column":39},"end":{"line":83,"column":55}},"line":83},"7":{"name":"(anonymous_7)","decl":{"start":{"line":91,"column":24},"end":{"line":91,"column":25}},"loc":{"start":{"line":91,"column":34},"end":{"line":91,"column":79}},"line":91},"8":{"name":"(anonymous_8)","decl":{"start":{"line":100,"column":8},"end":{"line":100,"column":19}},"loc":{"start":{"line":100,"column":74},"end":{"line":129,"column":null}},"line":100},"9":{"name":"(anonymous_9)","decl":{"start":{"line":134,"column":8},"end":{"line":134,"column":19}},"loc":{"start":{"line":134,"column":46},"end":{"line":150,"column":null}},"line":134},"10":{"name":"(anonymous_10)","decl":{"start":{"line":138,"column":41},"end":{"line":138,"column":46}},"loc":{"start":{"line":138,"column":46},"end":{"line":138,"column":57}},"line":138},"11":{"name":"(anonymous_11)","decl":{"start":{"line":155,"column":8},"end":{"line":155,"column":20}},"loc":{"start":{"line":155,"column":89},"end":{"line":186,"column":null}},"line":155},"12":{"name":"(anonymous_12)","decl":{"start":{"line":170,"column":68},"end":{"line":170,"column":76}},"loc":{"start":{"line":170,"column":76},"end":{"line":170,"column":92}},"line":170},"13":{"name":"(anonymous_13)","decl":{"start":{"line":191,"column":10},"end":{"line":191,"column":23}},"loc":{"start":{"line":191,"column":78},"end":{"line":234,"column":null}},"line":191},"14":{"name":"(anonymous_14)","decl":{"start":{"line":194,"column":64},"end":{"line":194,"column":72}},"loc":{"start":{"line":194,"column":72},"end":{"line":194,"column":88}},"line":194},"15":{"name":"(anonymous_15)","decl":{"start":{"line":197,"column":23},"end":{"line":197,"column":31}},"loc":{"start":{"line":197,"column":31},"end":{"line":225,"column":7}},"line":197},"16":{"name":"(anonymous_16)","decl":{"start":{"line":201,"column":28},"end":{"line":201,"column":36}},"loc":{"start":{"line":201,"column":36},"end":{"line":216,"column":9}},"line":201},"17":{"name":"(anonymous_17)","decl":{"start":{"line":211,"column":29},"end":{"line":211,"column":36}},"loc":{"start":{"line":211,"column":36},"end":{"line":211,"column":68}},"line":211},"18":{"name":"(anonymous_18)","decl":{"start":{"line":213,"column":50},"end":{"line":213,"column":57}},"loc":{"start":{"line":213,"column":57},"end":{"line":213,"column":89}},"line":213},"19":{"name":"(anonymous_19)","decl":{"start":{"line":228,"column":14},"end":{"line":228,"column":15}},"loc":{"start":{"line":228,"column":24},"end":{"line":228,"column":41}},"line":228},"20":{"name":"(anonymous_20)","decl":{"start":{"line":239,"column":10},"end":{"line":239,"column":25}},"loc":{"start":{"line":239,"column":89},"end":{"line":249,"column":null}},"line":239},"21":{"name":"(anonymous_21)","decl":{"start":{"line":254,"column":2},"end":{"line":254,"column":20}},"loc":{"start":{"line":254,"column":47},"end":{"line":257,"column":null}},"line":254},"22":{"name":"(anonymous_22)","decl":{"start":{"line":256,"column":27},"end":{"line":256,"column":35}},"loc":{"start":{"line":256,"column":35},"end":{"line":256,"column":63}},"line":256},"23":{"name":"(anonymous_23)","decl":{"start":{"line":262,"column":2},"end":{"line":262,"column":17}},"loc":{"start":{"line":262,"column":41},"end":{"line":267,"column":null}},"line":262},"24":{"name":"(anonymous_24)","decl":{"start":{"line":264,"column":27},"end":{"line":264,"column":null}},"loc":{"start":{"line":265,"column":6},"end":{"line":265,"column":null}},"line":265},"25":{"name":"(anonymous_25)","decl":{"start":{"line":265,"column":16},"end":{"line":265,"column":23}},"loc":{"start":{"line":265,"column":23},"end":{"line":265,"column":46}},"line":265},"26":{"name":"(anonymous_26)","decl":{"start":{"line":272,"column":8},"end":{"line":272,"column":20}},"loc":{"start":{"line":272,"column":47},"end":{"line":281,"column":null}},"line":272},"27":{"name":"(anonymous_27)","decl":{"start":{"line":286,"column":8},"end":{"line":286,"column":20}},"loc":{"start":{"line":286,"column":47},"end":{"line":295,"column":null}},"line":286},"28":{"name":"(anonymous_28)","decl":{"start":{"line":300,"column":8},"end":{"line":300,"column":18}},"loc":{"start":{"line":300,"column":45},"end":{"line":316,"column":null}},"line":300},"29":{"name":"(anonymous_29)","decl":{"start":{"line":321,"column":2},"end":{"line":321,"column":null}},"loc":{"start":{"line":327,"column":4},"end":{"line":346,"column":null}},"line":327},"30":{"name":"(anonymous_30)","decl":{"start":{"line":335,"column":42},"end":{"line":335,"column":47}},"loc":{"start":{"line":335,"column":47},"end":{"line":335,"column":53}},"line":335},"31":{"name":"(anonymous_31)","decl":{"start":{"line":336,"column":35},"end":{"line":336,"column":40}},"loc":{"start":{"line":336,"column":40},"end":{"line":336,"column":64}},"line":336},"32":{"name":"(anonymous_32)","decl":{"start":{"line":340,"column":21},"end":{"line":340,"column":29}},"loc":{"start":{"line":340,"column":29},"end":{"line":343,"column":5}},"line":340},"33":{"name":"(anonymous_33)","decl":{"start":{"line":351,"column":10},"end":{"line":351,"column":20}},"loc":{"start":{"line":351,"column":38},"end":{"line":363,"column":null}},"line":351},"34":{"name":"(anonymous_34)","decl":{"start":{"line":354,"column":42},"end":{"line":354,"column":47}},"loc":{"start":{"line":354,"column":47},"end":{"line":354,"column":63}},"line":354},"35":{"name":"(anonymous_35)","decl":{"start":{"line":368,"column":10},"end":{"line":368,"column":23}},"loc":{"start":{"line":368,"column":68},"end":{"line":396,"column":null}},"line":368},"36":{"name":"(anonymous_36)","decl":{"start":{"line":369,"column":24},"end":{"line":369,"column":32}},"loc":{"start":{"line":369,"column":32},"end":{"line":395,"column":5}},"line":369},"37":{"name":"(anonymous_37)","decl":{"start":{"line":371,"column":49},"end":{"line":371,"column":56}},"loc":{"start":{"line":371,"column":56},"end":{"line":371,"column":79}},"line":371},"38":{"name":"(anonymous_38)","decl":{"start":{"line":401,"column":10},"end":{"line":401,"column":29}},"loc":{"start":{"line":401,"column":74},"end":{"line":428,"column":null}},"line":401},"39":{"name":"(anonymous_39)","decl":{"start":{"line":404,"column":24},"end":{"line":404,"column":32}},"loc":{"start":{"line":404,"column":32},"end":{"line":425,"column":5}},"line":404},"40":{"name":"(anonymous_40)","decl":{"start":{"line":421,"column":44},"end":{"line":421,"column":51}},"loc":{"start":{"line":421,"column":51},"end":{"line":421,"column":83}},"line":421}},"branchMap":{"0":{"loc":{"start":{"line":26,"column":4},"end":{"line":28,"column":null}},"type":"if","locations":[{"start":{"line":26,"column":4},"end":{"line":28,"column":null}},{"start":{},"end":{}}],"line":26},"1":{"loc":{"start":{"line":40,"column":14},"end":{"line":40,"column":null}},"type":"binary-expr","locations":[{"start":{"line":40,"column":14},"end":{"line":40,"column":30}},{"start":{"line":40,"column":30},"end":{"line":40,"column":null}}],"line":40},"2":{"loc":{"start":{"line":57,"column":6},"end":{"line":59,"column":null}},"type":"if","locations":[{"start":{"line":57,"column":6},"end":{"line":59,"column":null}},{"start":{},"end":{}}],"line":57},"3":{"loc":{"start":{"line":69,"column":20},"end":{"line":69,"column":null}},"type":"binary-expr","locations":[{"start":{"line":69,"column":20},"end":{"line":69,"column":94}},{"start":{"line":69,"column":94},"end":{"line":69,"column":null}}],"line":69},"4":{"loc":{"start":{"line":71,"column":13},"end":{"line":71,"column":null}},"type":"cond-expr","locations":[{"start":{"line":71,"column":25},"end":{"line":71,"column":52}},{"start":{"line":71,"column":52},"end":{"line":71,"column":null}}],"line":71},"5":{"loc":{"start":{"line":82,"column":26},"end":{"line":82,"column":null}},"type":"binary-expr","locations":[{"start":{"line":82,"column":26},"end":{"line":82,"column":100}},{"start":{"line":82,"column":100},"end":{"line":82,"column":null}}],"line":82},"6":{"loc":{"start":{"line":86,"column":6},"end":{"line":88,"column":null}},"type":"if","locations":[{"start":{"line":86,"column":6},"end":{"line":88,"column":null}},{"start":{},"end":{}}],"line":86},"7":{"loc":{"start":{"line":103,"column":6},"end":{"line":105,"column":null}},"type":"if","locations":[{"start":{"line":103,"column":6},"end":{"line":105,"column":null}},{"start":{},"end":{}}],"line":103},"8":{"loc":{"start":{"line":124,"column":6},"end":{"line":126,"column":null}},"type":"if","locations":[{"start":{"line":124,"column":6},"end":{"line":126,"column":null}},{"start":{},"end":{}}],"line":124},"9":{"loc":{"start":{"line":124,"column":10},"end":{"line":124,"column":77}},"type":"binary-expr","locations":[{"start":{"line":124,"column":10},"end":{"line":124,"column":46}},{"start":{"line":124,"column":46},"end":{"line":124,"column":77}}],"line":124},"10":{"loc":{"start":{"line":137,"column":20},"end":{"line":137,"column":null}},"type":"binary-expr","locations":[{"start":{"line":137,"column":20},"end":{"line":137,"column":94}},{"start":{"line":137,"column":94},"end":{"line":137,"column":null}}],"line":137},"11":{"loc":{"start":{"line":155,"column":35},"end":{"line":155,"column":89}},"type":"default-arg","locations":[{"start":{"line":155,"column":56},"end":{"line":155,"column":89}}],"line":155},"12":{"loc":{"start":{"line":157,"column":6},"end":{"line":159,"column":null}},"type":"if","locations":[{"start":{"line":157,"column":6},"end":{"line":159,"column":null}},{"start":{},"end":{}}],"line":157},"13":{"loc":{"start":{"line":169,"column":8},"end":{"line":178,"column":null}},"type":"if","locations":[{"start":{"line":169,"column":8},"end":{"line":178,"column":null}},{"start":{},"end":{}}],"line":169},"14":{"loc":{"start":{"line":202,"column":10},"end":{"line":205,"column":null}},"type":"if","locations":[{"start":{"line":202,"column":10},"end":{"line":205,"column":null}},{"start":{},"end":{}}],"line":202},"15":{"loc":{"start":{"line":206,"column":10},"end":{"line":210,"column":null}},"type":"if","locations":[{"start":{"line":206,"column":10},"end":{"line":210,"column":null}},{"start":{},"end":{}}],"line":206},"16":{"loc":{"start":{"line":209,"column":12},"end":{"line":209,"column":null}},"type":"if","locations":[{"start":{"line":209,"column":12},"end":{"line":209,"column":null}},{"start":{},"end":{}}],"line":209},"17":{"loc":{"start":{"line":211,"column":10},"end":{"line":215,"column":null}},"type":"if","locations":[{"start":{"line":211,"column":10},"end":{"line":215,"column":null}},{"start":{},"end":{}}],"line":211},"18":{"loc":{"start":{"line":218,"column":8},"end":{"line":224,"column":null}},"type":"if","locations":[{"start":{"line":218,"column":8},"end":{"line":224,"column":null}},{"start":{},"end":{}}],"line":218},"19":{"loc":{"start":{"line":239,"column":53},"end":{"line":239,"column":89}},"type":"default-arg","locations":[{"start":{"line":239,"column":77},"end":{"line":239,"column":89}}],"line":239},"20":{"loc":{"start":{"line":243,"column":4},"end":{"line":243,"column":null}},"type":"if","locations":[{"start":{"line":243,"column":4},"end":{"line":243,"column":null}},{"start":{},"end":{}}],"line":243},"21":{"loc":{"start":{"line":274,"column":4},"end":{"line":276,"column":null}},"type":"if","locations":[{"start":{"line":274,"column":4},"end":{"line":276,"column":null}},{"start":{},"end":{}}],"line":274},"22":{"loc":{"start":{"line":288,"column":4},"end":{"line":290,"column":null}},"type":"if","locations":[{"start":{"line":288,"column":4},"end":{"line":290,"column":null}},{"start":{},"end":{}}],"line":288},"23":{"loc":{"start":{"line":302,"column":4},"end":{"line":304,"column":null}},"type":"if","locations":[{"start":{"line":302,"column":4},"end":{"line":304,"column":null}},{"start":{},"end":{}}],"line":302},"24":{"loc":{"start":{"line":341,"column":37},"end":{"line":341,"column":73}},"type":"binary-expr","locations":[{"start":{"line":341,"column":37},"end":{"line":341,"column":68}},{"start":{"line":341,"column":68},"end":{"line":341,"column":73}}],"line":341},"25":{"loc":{"start":{"line":342,"column":41},"end":{"line":342,"column":81}},"type":"binary-expr","locations":[{"start":{"line":342,"column":41},"end":{"line":342,"column":76}},{"start":{"line":342,"column":76},"end":{"line":342,"column":81}}],"line":342},"26":{"loc":{"start":{"line":353,"column":18},"end":{"line":353,"column":null}},"type":"binary-expr","locations":[{"start":{"line":353,"column":18},"end":{"line":353,"column":92}},{"start":{"line":353,"column":92},"end":{"line":353,"column":null}}],"line":353},"27":{"loc":{"start":{"line":356,"column":4},"end":{"line":360,"column":null}},"type":"if","locations":[{"start":{"line":356,"column":4},"end":{"line":360,"column":null}},{"start":{"line":358,"column":11},"end":{"line":360,"column":null}}],"line":356},"28":{"loc":{"start":{"line":370,"column":6},"end":{"line":373,"column":null}},"type":"if","locations":[{"start":{"line":370,"column":6},"end":{"line":373,"column":null}},{"start":{},"end":{}}],"line":370},"29":{"loc":{"start":{"line":370,"column":10},"end":{"line":370,"column":51}},"type":"binary-expr","locations":[{"start":{"line":370,"column":10},"end":{"line":370,"column":26}},{"start":{"line":370,"column":26},"end":{"line":370,"column":51}}],"line":370},"30":{"loc":{"start":{"line":372,"column":8},"end":{"line":372,"column":null}},"type":"if","locations":[{"start":{"line":372,"column":8},"end":{"line":372,"column":null}},{"start":{},"end":{}}],"line":372},"31":{"loc":{"start":{"line":375,"column":6},"end":{"line":377,"column":null}},"type":"if","locations":[{"start":{"line":375,"column":6},"end":{"line":377,"column":null}},{"start":{},"end":{}}],"line":375},"32":{"loc":{"start":{"line":375,"column":10},"end":{"line":375,"column":69}},"type":"binary-expr","locations":[{"start":{"line":375,"column":10},"end":{"line":375,"column":31}},{"start":{"line":375,"column":31},"end":{"line":375,"column":69}}],"line":375},"33":{"loc":{"start":{"line":379,"column":6},"end":{"line":381,"column":null}},"type":"if","locations":[{"start":{"line":379,"column":6},"end":{"line":381,"column":null}},{"start":{},"end":{}}],"line":379},"34":{"loc":{"start":{"line":379,"column":10},"end":{"line":379,"column":65}},"type":"binary-expr","locations":[{"start":{"line":379,"column":10},"end":{"line":379,"column":30}},{"start":{"line":379,"column":30},"end":{"line":379,"column":65}}],"line":379},"35":{"loc":{"start":{"line":383,"column":6},"end":{"line":385,"column":null}},"type":"if","locations":[{"start":{"line":383,"column":6},"end":{"line":385,"column":null}},{"start":{},"end":{}}],"line":383},"36":{"loc":{"start":{"line":383,"column":10},"end":{"line":383,"column":61}},"type":"binary-expr","locations":[{"start":{"line":383,"column":10},"end":{"line":383,"column":28}},{"start":{"line":383,"column":28},"end":{"line":383,"column":61}}],"line":383},"37":{"loc":{"start":{"line":387,"column":6},"end":{"line":392,"column":null}},"type":"if","locations":[{"start":{"line":387,"column":6},"end":{"line":392,"column":null}},{"start":{},"end":{}}],"line":387},"38":{"loc":{"start":{"line":389,"column":8},"end":{"line":391,"column":null}},"type":"if","locations":[{"start":{"line":389,"column":8},"end":{"line":391,"column":null}},{"start":{},"end":{}}],"line":389},"39":{"loc":{"start":{"line":406,"column":6},"end":{"line":408,"column":null}},"type":"if","locations":[{"start":{"line":406,"column":6},"end":{"line":408,"column":null}},{"start":{},"end":{}}],"line":406},"40":{"loc":{"start":{"line":413,"column":6},"end":{"line":418,"column":null}},"type":"if","locations":[{"start":{"line":413,"column":6},"end":{"line":418,"column":null}},{"start":{},"end":{}}],"line":413},"41":{"loc":{"start":{"line":422,"column":6},"end":{"line":424,"column":null}},"type":"if","locations":[{"start":{"line":422,"column":6},"end":{"line":424,"column":null}},{"start":{},"end":{}}],"line":422}},"s":{"0":1,"1":12,"2":12,"3":14,"4":12,"5":14,"6":2,"7":2,"8":2,"9":2,"10":2,"11":0,"12":1,"13":1,"14":1,"15":0,"16":4,"17":4,"18":4,"19":2,"20":4,"21":0,"22":2,"23":2,"24":2,"25":2,"26":2,"27":0,"28":2,"29":1,"30":0,"31":2,"32":2,"33":2,"34":1,"35":1,"36":1,"37":1,"38":1,"39":0,"40":1,"41":1,"42":1,"43":0,"44":1,"45":1,"46":1,"47":1,"48":1,"49":1,"50":1,"51":0,"52":0,"53":2,"54":2,"55":2,"56":0,"57":0,"58":0,"59":0,"60":0,"61":0,"62":0,"63":0,"64":0,"65":0,"66":0,"67":0,"68":0,"69":0,"70":0,"71":0,"72":0,"73":0,"74":0,"75":0,"76":0,"77":0,"78":0,"79":0,"80":0,"81":0,"82":0,"83":0,"84":0,"85":0,"86":0,"87":0,"88":0,"89":0,"90":0,"91":0,"92":0,"93":0,"94":0,"95":0,"96":0,"97":0,"98":0,"99":0,"100":0,"101":0,"102":0,"103":0,"104":0,"105":0,"106":0,"107":0,"108":0,"109":0,"110":0,"111":0,"112":0,"113":0,"114":0,"115":0,"116":0,"117":0,"118":0,"119":0,"120":0,"121":0,"122":0,"123":0,"124":0,"125":0,"126":0,"127":0,"128":0,"129":0,"130":0,"131":0,"132":0,"133":0,"134":0,"135":0,"136":0,"137":0,"138":0,"139":0,"140":0,"141":0,"142":2,"143":2,"144":2,"145":1,"146":2,"147":1,"148":1,"149":2,"150":0,"151":0,"152":0,"153":0,"154":0,"155":0,"156":0,"157":0,"158":0,"159":0,"160":0,"161":0,"162":0,"163":0,"164":0,"165":0,"166":0,"167":0,"168":0,"169":0,"170":0,"171":0,"172":0,"173":0,"174":0,"175":0,"176":0,"177":0,"178":0,"179":0,"180":0,"181":0,"182":0},"f":{"0":12,"1":1,"2":2,"3":4,"4":2,"5":2,"6":2,"7":1,"8":2,"9":1,"10":1,"11":2,"12":0,"13":0,"14":0,"15":0,"16":0,"17":0,"18":0,"19":0,"20":0,"21":0,"22":0,"23":0,"24":0,"25":0,"26":0,"27":0,"28":0,"29":0,"30":0,"31":0,"32":0,"33":2,"34":1,"35":0,"36":0,"37":0,"38":0,"39":0,"40":0},"b":{"0":[12,2],"1":[2,1],"2":[1,0],"3":[4,0],"4":[2,2],"5":[2,1],"6":[0,2],"7":[1,1],"8":[1,0],"9":[1,1],"10":[1,0],"11":[2],"12":[2,0],"13":[0,0],"14":[0,0],"15":[0,0],"16":[0,0],"17":[0,0],"18":[0,0],"19":[0],"20":[0,0],"21":[0,0],"22":[0,0],"23":[0,0],"24":[0,0],"25":[0,0],"26":[2,1],"27":[1,1],"28":[0,0],"29":[0,0],"30":[0,0],"31":[0,0],"32":[0,0],"33":[0,0],"34":[0,0],"35":[0,0],"36":[0,0],"37":[0,0],"38":[0,0],"39":[0,0],"40":[0,0],"41":[0,0]},"meta":{"lastBranch":42,"lastFunction":41,"lastStatement":183,"seen":{"s:14:40:14:Infinity":0,"f:20:10:20:24":0,"s:21:4:21:Infinity":1,"s:22:4:22:Infinity":2,"f:25:9:25:36":1,"b:26:4:28:Infinity:undefined:undefined:undefined:undefined":0,"s:26:4:28:Infinity":3,"s:27:6:27:Infinity":4,"s:29:4:29:Infinity":5,"f:35:8:35:19":2,"s:36:4:61:Infinity":6,"s:37:19:43:Infinity":7,"b:40:14:40:30:40:30:40:Infinity":1,"s:46:6:46:Infinity":8,"s:49:6:53:Infinity":9,"s:50:8:50:Infinity":10,"s:52:8:52:Infinity":11,"s:55:6:55:Infinity":12,"b:57:6:59:Infinity:undefined:undefined:undefined:undefined":2,"s:57:6:59:Infinity":13,"s:58:8:58:Infinity":14,"s:60:6:60:Infinity":15,"f:67:2:67:10":3,"s:68:4:74:Infinity":16,"s:69:20:69:Infinity":17,"b:69:20:69:94:69:94:69:Infinity":3,"s:70:24:70:Infinity":18,"f:70:35:70:40":4,"s:70:40:70:51":19,"s:71:6:71:Infinity":20,"b:71:25:71:52:71:52:71:Infinity":4,"s:73:6:73:Infinity":21,"f:80:2:80:14":5,"s:81:4:94:Infinity":22,"s:82:26:82:Infinity":23,"b:82:26:82:100:82:100:82:Infinity":5,"s:83:18:83:Infinity":24,"f:83:34:83:39":6,"s:83:39:83:55":25,"b:86:6:88:Infinity:undefined:undefined:undefined:undefined":6,"s:86:6:88:Infinity":26,"s:87:8:87:Infinity":27,"s:91:6:91:Infinity":28,"f:91:24:91:25":7,"s:91:34:91:79":29,"s:93:6:93:Infinity":30,"f:100:8:100:19":8,"s:101:4:128:Infinity":31,"s:102:19:102:Infinity":32,"b:103:6:105:Infinity:undefined:undefined:undefined:undefined":7,"s:103:6:105:Infinity":33,"s:104:8:104:Infinity":34,"s:107:6:112:Infinity":35,"s:114:6:114:Infinity":36,"s:116:6:120:Infinity":37,"s:117:8:117:Infinity":38,"s:119:8:119:Infinity":39,"s:122:6:122:Infinity":40,"b:124:6:126:Infinity:undefined:undefined:undefined:undefined":8,"s:124:6:126:Infinity":41,"b:124:10:124:46:124:46:124:77":9,"s:125:8:125:Infinity":42,"s:127:6:127:Infinity":43,"f:134:8:134:19":9,"s:135:4:149:Infinity":44,"s:137:20:137:Infinity":45,"b:137:20:137:94:137:94:137:Infinity":10,"s:138:28:138:Infinity":46,"f:138:41:138:46":10,"s:138:46:138:57":47,"s:139:6:139:Infinity":48,"s:142:6:146:Infinity":49,"s:143:8:143:Infinity":50,"s:145:8:145:Infinity":51,"s:148:6:148:Infinity":52,"f:155:8:155:20":11,"b:155:56:155:89":11,"s:156:4:185:Infinity":53,"b:157:6:159:Infinity:undefined:undefined:undefined:undefined":12,"s:157:6:159:Infinity":54,"s:158:8:158:Infinity":55,"s:162:28:162:Infinity":56,"s:163:42:163:Infinity":57,"s:165:6:179:Infinity":58,"s:165:19:165:22":59,"s:166:29:166:Infinity":60,"s:167:21:167:Infinity":61,"b:169:8:178:Infinity:undefined:undefined:undefined:undefined":13,"s:169:8:178:Infinity":62,"s:170:30:170:Infinity":63,"f:170:68:170:76":12,"s:170:76:170:92":64,"s:171:29:171:Infinity":65,"s:173:10:177:Infinity":66,"s:181:6:181:Infinity":67,"s:184:6:184:Infinity":68,"f:191:10:191:23":13,"s:192:4:233:Infinity":69,"s:193:23:193:Infinity":70,"s:194:26:194:Infinity":71,"f:194:64:194:72":14,"s:194:72:194:88":72,"s:195:42:195:Infinity":73,"s:197:6:225:Infinity":74,"f:197:23:197:31":15,"s:198:20:198:Infinity":75,"s:199:37:199:Infinity":76,"s:201:8:216:Infinity":77,"f:201:28:201:36":16,"b:202:10:205:Infinity:undefined:undefined:undefined:undefined":14,"s:202:10:205:Infinity":78,"s:203:12:203:Infinity":79,"s:204:12:204:Infinity":80,"b:206:10:210:Infinity:undefined:undefined:undefined:undefined":15,"s:206:10:210:Infinity":81,"s:207:12:207:Infinity":82,"s:208:28:208:Infinity":83,"b:209:12:209:Infinity:undefined:undefined:undefined:undefined":16,"s:209:12:209:Infinity":84,"s:209:25:209:Infinity":85,"b:211:10:215:Infinity:undefined:undefined:undefined:undefined":17,"s:211:10:215:Infinity":86,"f:211:29:211:36":17,"s:211:36:211:68":87,"s:212:12:212:Infinity":88,"s:213:33:213:Infinity":89,"f:213:50:213:57":18,"s:213:57:213:89":90,"s:214:12:214:Infinity":91,"b:218:8:224:Infinity:undefined:undefined:undefined:undefined":18,"s:218:8:224:Infinity":92,"s:219:10:223:Infinity":93,"s:227:6:229:Infinity":94,"f:228:14:228:15":19,"s:228:24:228:41":95,"s:231:6:231:Infinity":96,"s:232:6:232:Infinity":97,"f:239:10:239:25":20,"b:239:77:239:89":19,"s:240:22:240:Infinity":98,"s:241:22:241:Infinity":99,"b:243:4:243:Infinity:undefined:undefined:undefined:undefined":20,"s:243:4:243:Infinity":100,"s:243:26:243:Infinity":101,"s:245:18:245:Infinity":102,"s:246:16:246:Infinity":103,"s:248:4:248:Infinity":104,"f:254:2:254:20":21,"s:255:21:255:Infinity":105,"s:256:4:256:Infinity":106,"f:256:27:256:35":22,"s:256:35:256:63":107,"f:262:2:262:17":23,"s:263:21:263:Infinity":108,"s:264:4:266:Infinity":109,"f:264:27:264:Infinity":24,"s:265:6:265:Infinity":110,"f:265:16:265:23":25,"s:265:23:265:46":111,"f:272:8:272:20":26,"s:273:17:273:Infinity":112,"b:274:4:276:Infinity:undefined:undefined:undefined:undefined":21,"s:274:4:276:Infinity":113,"s:275:6:275:Infinity":114,"s:278:4:278:Infinity":115,"s:279:4:279:Infinity":116,"s:280:4:280:Infinity":117,"f:286:8:286:20":27,"s:287:17:287:Infinity":118,"b:288:4:290:Infinity:undefined:undefined:undefined:undefined":22,"s:288:4:290:Infinity":119,"s:289:6:289:Infinity":120,"s:292:4:292:Infinity":121,"s:293:4:293:Infinity":122,"s:294:4:294:Infinity":123,"f:300:8:300:18":28,"s:301:25:301:Infinity":124,"b:302:4:304:Infinity:undefined:undefined:undefined:undefined":23,"s:302:4:304:Infinity":125,"s:303:6:303:Infinity":126,"s:306:23:306:Infinity":127,"s:307:4:307:Infinity":128,"s:309:4:313:Infinity":129,"s:310:6:310:Infinity":130,"s:312:6:312:Infinity":131,"s:315:4:315:Infinity":132,"f:321:2:321:Infinity":29,"s:328:21:328:Infinity":133,"s:329:23:329:Infinity":134,"s:331:18:337:Infinity":135,"f:335:42:335:47":30,"s:335:47:335:53":136,"f:336:35:336:40":31,"s:336:40:336:64":137,"s:340:4:343:Infinity":138,"f:340:21:340:29":32,"s:341:6:341:Infinity":139,"b:341:37:341:68:341:68:341:73":24,"s:342:6:342:Infinity":140,"b:342:41:342:76:342:76:342:81":25,"s:345:4:345:Infinity":141,"f:351:10:351:20":33,"s:352:21:352:Infinity":142,"s:353:18:353:Infinity":143,"b:353:18:353:92:353:92:353:Infinity":26,"s:354:26:354:Infinity":144,"f:354:42:354:47":34,"s:354:47:354:63":145,"b:356:4:360:Infinity:358:11:360:Infinity":27,"s:356:4:360:Infinity":146,"s:357:6:357:Infinity":147,"s:359:6:359:Infinity":148,"s:362:4:362:Infinity":149,"f:368:10:368:23":35,"s:369:4:395:Infinity":150,"f:369:24:369:32":36,"b:370:6:373:Infinity:undefined:undefined:undefined:undefined":28,"s:370:6:373:Infinity":151,"b:370:10:370:26:370:26:370:51":29,"s:371:31:371:Infinity":152,"f:371:49:371:56":37,"s:371:56:371:79":153,"b:372:8:372:Infinity:undefined:undefined:undefined:undefined":30,"s:372:8:372:Infinity":154,"s:372:29:372:Infinity":155,"b:375:6:377:Infinity:undefined:undefined:undefined:undefined":31,"s:375:6:377:Infinity":156,"b:375:10:375:31:375:31:375:69":32,"s:376:8:376:Infinity":157,"b:379:6:381:Infinity:undefined:undefined:undefined:undefined":33,"s:379:6:381:Infinity":158,"b:379:10:379:30:379:30:379:65":34,"s:380:8:380:Infinity":159,"b:383:6:385:Infinity:undefined:undefined:undefined:undefined":35,"s:383:6:385:Infinity":160,"b:383:10:383:28:383:28:383:61":36,"s:384:8:384:Infinity":161,"b:387:6:392:Infinity:undefined:undefined:undefined:undefined":37,"s:387:6:392:Infinity":162,"s:388:31:388:Infinity":163,"b:389:8:391:Infinity:undefined:undefined:undefined:undefined":38,"s:389:8:391:Infinity":164,"s:390:10:390:Infinity":165,"s:394:6:394:Infinity":166,"f:401:10:401:29":38,"s:402:33:402:Infinity":167,"s:404:4:425:Infinity":168,"f:404:24:404:32":39,"b:406:6:408:Infinity:undefined:undefined:undefined:undefined":39,"s:406:6:408:Infinity":169,"s:407:8:407:Infinity":170,"s:411:24:411:Infinity":171,"s:412:24:412:Infinity":172,"b:413:6:418:Infinity:undefined:undefined:undefined:undefined":40,"s:413:6:418:Infinity":173,"s:414:22:414:Infinity":174,"s:415:20:415:Infinity":175,"s:416:24:416:Infinity":176,"s:417:8:417:Infinity":177,"s:421:27:421:Infinity":178,"f:421:44:421:51":40,"s:421:51:421:83":179,"b:422:6:424:Infinity:undefined:undefined:undefined:undefined":41,"s:422:6:424:Infinity":180,"s:423:8:423:Infinity":181,"s:427:4:427:Infinity":182}}}
,"C:\\Users\\roonawa\\quintessence\\quintessence\\src\\services\\storage\\LocalStorageService.ts": {"path":"C:\\Users\\roonawa\\quintessence\\quintessence\\src\\services\\storage\\LocalStorageService.ts","statementMap":{"0":{"start":{"line":9,"column":4},"end":{"line":9,"column":null}},"1":{"start":{"line":10,"column":4},"end":{"line":10,"column":null}},"2":{"start":{"line":11,"column":4},"end":{"line":11,"column":null}},"3":{"start":{"line":12,"column":4},"end":{"line":12,"column":null}},"4":{"start":{"line":18,"column":31},"end":{"line":18,"column":null}},"5":{"start":{"line":23,"column":4},"end":{"line":25,"column":null}},"6":{"start":{"line":24,"column":6},"end":{"line":24,"column":null}},"7":{"start":{"line":26,"column":4},"end":{"line":26,"column":null}},"8":{"start":{"line":30,"column":4},"end":{"line":30,"column":null}},"9":{"start":{"line":34,"column":4},"end":{"line":42,"column":null}},"10":{"start":{"line":35,"column":30},"end":{"line":35,"column":null}},"11":{"start":{"line":36,"column":6},"end":{"line":36,"column":null}},"12":{"start":{"line":38,"column":6},"end":{"line":40,"column":null}},"13":{"start":{"line":39,"column":8},"end":{"line":39,"column":null}},"14":{"start":{"line":41,"column":6},"end":{"line":41,"column":null}},"15":{"start":{"line":46,"column":4},"end":{"line":54,"column":null}},"16":{"start":{"line":47,"column":19},"end":{"line":47,"column":null}},"17":{"start":{"line":48,"column":6},"end":{"line":50,"column":null}},"18":{"start":{"line":49,"column":8},"end":{"line":49,"column":null}},"19":{"start":{"line":51,"column":6},"end":{"line":51,"column":null}},"20":{"start":{"line":53,"column":6},"end":{"line":53,"column":null}},"21":{"start":{"line":58,"column":4},"end":{"line":58,"column":null}},"22":{"start":{"line":62,"column":17},"end":{"line":62,"column":null}},"23":{"start":{"line":63,"column":4},"end":{"line":67,"column":null}},"24":{"start":{"line":64,"column":6},"end":{"line":66,"column":null}},"25":{"start":{"line":65,"column":8},"end":{"line":65,"column":null}},"26":{"start":{"line":71,"column":4},"end":{"line":71,"column":null}},"27":{"start":{"line":75,"column":17},"end":{"line":75,"column":null}},"28":{"start":{"line":76,"column":4},"end":{"line":78,"column":null}},"29":{"start":{"line":77,"column":21},"end":{"line":77,"column":51}},"30":{"start":{"line":78,"column":18},"end":{"line":78,"column":54}},"31":{"start":{"line":82,"column":15},"end":{"line":82,"column":null}},"32":{"start":{"line":83,"column":17},"end":{"line":83,"column":null}},"33":{"start":{"line":85,"column":4},"end":{"line":92,"column":null}},"34":{"start":{"line":86,"column":6},"end":{"line":91,"column":null}},"35":{"start":{"line":87,"column":22},"end":{"line":87,"column":null}},"36":{"start":{"line":88,"column":8},"end":{"line":90,"column":null}},"37":{"start":{"line":89,"column":10},"end":{"line":89,"column":null}},"38":{"start":{"line":95,"column":18},"end":{"line":95,"column":null}},"39":{"start":{"line":97,"column":4},"end":{"line":97,"column":null}}},"fnMap":{"0":{"name":"(anonymous_0)","decl":{"start":{"line":8,"column":2},"end":{"line":8,"column":14}},"loc":{"start":{"line":8,"column":90},"end":{"line":13,"column":null}},"line":8},"1":{"name":"(anonymous_1)","decl":{"start":{"line":20,"column":10},"end":{"line":20,"column":24}},"loc":{"start":{"line":20,"column":24},"end":{"line":20,"column":null}},"line":20},"2":{"name":"(anonymous_2)","decl":{"start":{"line":22,"column":16},"end":{"line":22,"column":51}},"loc":{"start":{"line":22,"column":51},"end":{"line":27,"column":null}},"line":22},"3":{"name":"(anonymous_3)","decl":{"start":{"line":29,"column":10},"end":{"line":29,"column":17}},"loc":{"start":{"line":29,"column":38},"end":{"line":31,"column":null}},"line":29},"4":{"name":"(anonymous_4)","decl":{"start":{"line":33,"column":9},"end":{"line":33,"column":16}},"loc":{"start":{"line":33,"column":45},"end":{"line":43,"column":null}},"line":33},"5":{"name":"(anonymous_5)","decl":{"start":{"line":45,"column":9},"end":{"line":45,"column":16}},"loc":{"start":{"line":45,"column":39},"end":{"line":55,"column":null}},"line":45},"6":{"name":"(anonymous_6)","decl":{"start":{"line":57,"column":9},"end":{"line":57,"column":16}},"loc":{"start":{"line":57,"column":35},"end":{"line":59,"column":null}},"line":57},"7":{"name":"(anonymous_7)","decl":{"start":{"line":61,"column":9},"end":{"line":61,"column":23}},"loc":{"start":{"line":61,"column":23},"end":{"line":68,"column":null}},"line":61},"8":{"name":"(anonymous_8)","decl":{"start":{"line":63,"column":17},"end":{"line":63,"column":24}},"loc":{"start":{"line":63,"column":24},"end":{"line":67,"column":5}},"line":63},"9":{"name":"(anonymous_9)","decl":{"start":{"line":70,"column":9},"end":{"line":70,"column":16}},"loc":{"start":{"line":70,"column":38},"end":{"line":72,"column":null}},"line":70},"10":{"name":"(anonymous_10)","decl":{"start":{"line":74,"column":9},"end":{"line":74,"column":32}},"loc":{"start":{"line":74,"column":32},"end":{"line":79,"column":null}},"line":74},"11":{"name":"(anonymous_11)","decl":{"start":{"line":77,"column":14},"end":{"line":77,"column":21}},"loc":{"start":{"line":77,"column":21},"end":{"line":77,"column":51}},"line":77},"12":{"name":"(anonymous_12)","decl":{"start":{"line":78,"column":11},"end":{"line":78,"column":18}},"loc":{"start":{"line":78,"column":18},"end":{"line":78,"column":54}},"line":78},"13":{"name":"(anonymous_13)","decl":{"start":{"line":81,"column":9},"end":{"line":81,"column":53}},"loc":{"start":{"line":81,"column":53},"end":{"line":98,"column":null}},"line":81},"14":{"name":"(anonymous_14)","decl":{"start":{"line":85,"column":17},"end":{"line":85,"column":24}},"loc":{"start":{"line":85,"column":24},"end":{"line":92,"column":5}},"line":85}},"branchMap":{"0":{"loc":{"start":{"line":23,"column":4},"end":{"line":25,"column":null}},"type":"if","locations":[{"start":{"line":23,"column":4},"end":{"line":25,"column":null}},{"start":{},"end":{}}],"line":23},"1":{"loc":{"start":{"line":38,"column":6},"end":{"line":40,"column":null}},"type":"if","locations":[{"start":{"line":38,"column":6},"end":{"line":40,"column":null}},{"start":{},"end":{}}],"line":38},"2":{"loc":{"start":{"line":38,"column":10},"end":{"line":38,"column":62}},"type":"binary-expr","locations":[{"start":{"line":38,"column":10},"end":{"line":38,"column":43}},{"start":{"line":38,"column":43},"end":{"line":38,"column":62}}],"line":38},"3":{"loc":{"start":{"line":48,"column":6},"end":{"line":50,"column":null}},"type":"if","locations":[{"start":{"line":48,"column":6},"end":{"line":50,"column":null}},{"start":{},"end":{}}],"line":48},"4":{"loc":{"start":{"line":64,"column":6},"end":{"line":66,"column":null}},"type":"if","locations":[{"start":{"line":64,"column":6},"end":{"line":66,"column":null}},{"start":{},"end":{}}],"line":64},"5":{"loc":{"start":{"line":86,"column":6},"end":{"line":91,"column":null}},"type":"if","locations":[{"start":{"line":86,"column":6},"end":{"line":91,"column":null}},{"start":{},"end":{}}],"line":86},"6":{"loc":{"start":{"line":88,"column":8},"end":{"line":90,"column":null}},"type":"if","locations":[{"start":{"line":88,"column":8},"end":{"line":90,"column":null}},{"start":{},"end":{}}],"line":88}},"s":{"0":0,"1":0,"2":0,"3":0,"4":1,"5":12,"6":1,"7":12,"8":12,"9":3,"10":3,"11":3,"12":0,"13":0,"14":0,"15":9,"16":9,"17":9,"18":2,"19":7,"20":0,"21":0,"22":0,"23":0,"24":0,"25":0,"26":0,"27":0,"28":0,"29":0,"30":0,"31":0,"32":0,"33":0,"34":0,"35":0,"36":0,"37":0,"38":0,"39":0},"f":{"0":0,"1":1,"2":1,"3":12,"4":3,"5":9,"6":0,"7":0,"8":0,"9":0,"10":0,"11":0,"12":0,"13":0,"14":0},"b":{"0":[1,11],"1":[0,0],"2":[0,0],"3":[2,7],"4":[0,0],"5":[0,0],"6":[0,0]},"meta":{"lastBranch":7,"lastFunction":15,"lastStatement":40,"seen":{"f:8:2:8:14":0,"s:9:4:9:Infinity":0,"s:10:4:10:Infinity":1,"s:11:4:11:Infinity":2,"s:12:4:12:Infinity":3,"s:18:31:18:Infinity":4,"f:20:10:20:24":1,"f:22:16:22:51":2,"b:23:4:25:Infinity:undefined:undefined:undefined:undefined":0,"s:23:4:25:Infinity":5,"s:24:6:24:Infinity":6,"s:26:4:26:Infinity":7,"f:29:10:29:17":3,"s:30:4:30:Infinity":8,"f:33:9:33:16":4,"s:34:4:42:Infinity":9,"s:35:30:35:Infinity":10,"s:36:6:36:Infinity":11,"b:38:6:40:Infinity:undefined:undefined:undefined:undefined":1,"s:38:6:40:Infinity":12,"b:38:10:38:43:38:43:38:62":2,"s:39:8:39:Infinity":13,"s:41:6:41:Infinity":14,"f:45:9:45:16":5,"s:46:4:54:Infinity":15,"s:47:19:47:Infinity":16,"b:48:6:50:Infinity:undefined:undefined:undefined:undefined":3,"s:48:6:50:Infinity":17,"s:49:8:49:Infinity":18,"s:51:6:51:Infinity":19,"s:53:6:53:Infinity":20,"f:57:9:57:16":6,"s:58:4:58:Infinity":21,"f:61:9:61:23":7,"s:62:17:62:Infinity":22,"s:63:4:67:Infinity":23,"f:63:17:63:24":8,"b:64:6:66:Infinity:undefined:undefined:undefined:undefined":4,"s:64:6:66:Infinity":24,"s:65:8:65:Infinity":25,"f:70:9:70:16":9,"s:71:4:71:Infinity":26,"f:74:9:74:32":10,"s:75:17:75:Infinity":27,"s:76:4:78:Infinity":28,"f:77:14:77:21":11,"s:77:21:77:51":29,"f:78:11:78:18":12,"s:78:18:78:54":30,"f:81:9:81:53":13,"s:82:15:82:Infinity":31,"s:83:17:83:Infinity":32,"s:85:4:92:Infinity":33,"f:85:17:85:24":14,"b:86:6:91:Infinity:undefined:undefined:undefined:undefined":5,"s:86:6:91:Infinity":34,"s:87:22:87:Infinity":35,"b:88:8:90:Infinity:undefined:undefined:undefined:undefined":6,"s:88:8:90:Infinity":36,"s:89:10:89:Infinity":37,"s:95:18:95:Infinity":38,"s:97:4:97:Infinity":39}}}
,"C:\\Users\\roonawa\\quintessence\\quintessence\\src\\types\\index.ts": {"path":"C:\\Users\\roonawa\\quintessence\\quintessence\\src\\types\\index.ts","statementMap":{"0":{"start":{"line":155,"column":32},"end":{"line":161,"column":null}}},"fnMap":{},"branchMap":{},"s":{"0":1},"f":{},"b":{},"meta":{"lastBranch":0,"lastFunction":0,"lastStatement":1,"seen":{"s:155:32:161:Infinity":0}}}
,"C:\\Users\\roonawa\\quintessence\\quintessence\\src\\utils\\dateUtils.ts": {"path":"C:\\Users\\roonawa\\quintessence\\quintessence\\src\\utils\\dateUtils.ts","statementMap":{"0":{"start":{"line":1,"column":26},"end":{"line":7,"column":null}},"1":{"start":{"line":2,"column":2},"end":{"line":6,"column":null}},"2":{"start":{"line":9,"column":30},"end":{"line":17,"column":null}},"3":{"start":{"line":10,"column":2},"end":{"line":16,"column":null}},"4":{"start":{"line":19,"column":34},"end":{"line":36,"column":null}},"5":{"start":{"line":20,"column":14},"end":{"line":20,"column":null}},"6":{"start":{"line":21,"column":24},"end":{"line":21,"column":null}},"7":{"start":{"line":23,"column":2},"end":{"line":35,"column":null}},"8":{"start":{"line":24,"column":4},"end":{"line":24,"column":null}},"9":{"start":{"line":25,"column":2},"end":{"line":35,"column":null}},"10":{"start":{"line":26,"column":4},"end":{"line":26,"column":null}},"11":{"start":{"line":27,"column":2},"end":{"line":35,"column":null}},"12":{"start":{"line":28,"column":18},"end":{"line":28,"column":null}},"13":{"start":{"line":29,"column":4},"end":{"line":29,"column":null}},"14":{"start":{"line":30,"column":2},"end":{"line":35,"column":null}},"15":{"start":{"line":31,"column":17},"end":{"line":31,"column":null}},"16":{"start":{"line":32,"column":4},"end":{"line":32,"column":null}},"17":{"start":{"line":34,"column":4},"end":{"line":34,"column":null}},"18":{"start":{"line":38,"column":23},"end":{"line":41,"column":null}},"19":{"start":{"line":39,"column":16},"end":{"line":39,"column":null}},"20":{"start":{"line":40,"column":2},"end":{"line":40,"column":null}},"21":{"start":{"line":43,"column":26},"end":{"line":50,"column":null}},"22":{"start":{"line":44,"column":14},"end":{"line":44,"column":null}},"23":{"start":{"line":45,"column":22},"end":{"line":45,"column":null}},"24":{"start":{"line":46,"column":2},"end":{"line":46,"column":null}},"25":{"start":{"line":47,"column":2},"end":{"line":47,"column":null}},"26":{"start":{"line":49,"column":2},"end":{"line":49,"column":null}},"27":{"start":{"line":52,"column":25},"end":{"line":59,"column":null}},"28":{"start":{"line":53,"column":2},"end":{"line":58,"column":null}},"29":{"start":{"line":54,"column":17},"end":{"line":54,"column":null}},"30":{"start":{"line":55,"column":4},"end":{"line":55,"column":null}},"31":{"start":{"line":57,"column":4},"end":{"line":57,"column":null}}},"fnMap":{"0":{"name":"(anonymous_0)","decl":{"start":{"line":1,"column":26},"end":{"line":1,"column":27}},"loc":{"start":{"line":1,"column":50},"end":{"line":7,"column":null}},"line":1},"1":{"name":"(anonymous_1)","decl":{"start":{"line":9,"column":30},"end":{"line":9,"column":31}},"loc":{"start":{"line":9,"column":54},"end":{"line":17,"column":null}},"line":9},"2":{"name":"(anonymous_2)","decl":{"start":{"line":19,"column":34},"end":{"line":19,"column":35}},"loc":{"start":{"line":19,"column":58},"end":{"line":36,"column":null}},"line":19},"3":{"name":"(anonymous_3)","decl":{"start":{"line":38,"column":23},"end":{"line":38,"column":24}},"loc":{"start":{"line":38,"column":48},"end":{"line":41,"column":null}},"line":38},"4":{"name":"(anonymous_4)","decl":{"start":{"line":43,"column":26},"end":{"line":43,"column":27}},"loc":{"start":{"line":43,"column":51},"end":{"line":50,"column":null}},"line":43},"5":{"name":"(anonymous_5)","decl":{"start":{"line":52,"column":25},"end":{"line":52,"column":26}},"loc":{"start":{"line":52,"column":62},"end":{"line":59,"column":null}},"line":52}},"branchMap":{"0":{"loc":{"start":{"line":23,"column":2},"end":{"line":35,"column":null}},"type":"if","locations":[{"start":{"line":23,"column":2},"end":{"line":35,"column":null}},{"start":{"line":25,"column":2},"end":{"line":35,"column":null}}],"line":23},"1":{"loc":{"start":{"line":25,"column":2},"end":{"line":35,"column":null}},"type":"if","locations":[{"start":{"line":25,"column":2},"end":{"line":35,"column":null}},{"start":{"line":27,"column":2},"end":{"line":35,"column":null}}],"line":25},"2":{"loc":{"start":{"line":27,"column":2},"end":{"line":35,"column":null}},"type":"if","locations":[{"start":{"line":27,"column":2},"end":{"line":35,"column":null}},{"start":{"line
[...]
,"C:\\Users\\roonawa\\quintessence\\quintessence\\src\\utils\\uuid.ts": {"path":"C:\\Users\\roonawa\\quintessence\\quintessence\\src\\utils\\uuid.ts","statementMap":{"0":{"start":{"line":3,"column":26},"end":{"line":5,"column":null}},"1":{"start":{"line":4,"column":2},"end":{"line":4,"column":null}},"2":{"start":{"line":7,"column":31},"end":{"line":9,"column":null}},"3":{"start":{"line":8,"column":2},"end":{"line":8,"column":null}},"4":{"start":{"line":11,"column":27},"end":{"line":14,"column":null}},"5":{"start":{"line":12,"column":20},"end":{"line":12,"column":null}},"6":{"start":{"line":13,"column":2},"end":{"line":13,"column":null}}},"fnMap":{"0":{"name":"(anonymous_0)","decl":{"start":{"line":3,"column":26},"end":{"line":3,"column":40}},"loc":{"start":{"line":3,"column":40},"end":{"line":5,"column":null}},"line":3},"1":{"name":"(anonymous_1)","decl":{"start":{"line":7,"column":31},"end":{"line":7,"column":45}},"loc":{"start":{"line":7,"column":45},"end":{"line":9,"column":null}},"line":7},"2":{"name":"(anonymous_2)","decl":{"start":{"line":11,"column":27},"end":{"line":11,"column":28}},"loc":{"start":{"line":11,"column":52},"end":{"line":14,"column":null}},"line":11}},"branchMap":{},"s":{"0":2,"1":51,"2":2,"3":0,"4":2,"5":0,"6":0},"f":{"0":51,"1":0,"2":0},"b":{},"meta":{"lastBranch":0,"lastFunction":3,"lastStatement":7,"seen":{"s:3:26:5:Infinity":0,"f:3:26:3:40":0,"s:4:2:4:Infinity":1,"s:7:31:9:Infinity":2,"f:7:31:7:45":1,"s:8:2:8:Infinity":3,"s:11:27:14:Infinity":4,"f:11:27:11:28":2,"s:12:20:12:Infinity":5,"s:13:2:13:Infinity":6}}}
,"C:\\Users\\roonawa\\quintessence\\quintessence\\src\\utils\\validation.ts": {"path":"C:\\Users\\roonawa\\quintessence\\quintessence\\src\\utils\\validation.ts","statementMap":{"0":{"start":{"line":1,"column":33},"end":{"line":11,"column":null}},"1":{"start":{"line":2,"column":2},"end":{"line":4,"column":null}},"2":{"start":{"line":3,"column":4},"end":{"line":3,"column":null}},"3":{"start":{"line":6,"column":2},"end":{"line":8,"column":null}},"4":{"start":{"line":7,"column":4},"end":{"line":7,"column":null}},"5":{"start":{"line":10,"column":2},"end":{"line":10,"column":null}},"6":{"start":{"line":13,"column":32},"end":{"line":19,"column":null}},"7":{"start":{"line":14,"column":2},"end":{"line":16,"column":null}},"8":{"start":{"line":15,"column":4},"end":{"line":15,"column":null}},"9":{"start":{"line":18,"column":2},"end":{"line":18,"column":null}},"10":{"start":{"line":21,"column":27},"end":{"line":41,"column":null}},"11":{"start":{"line":22,"column":2},"end":{"line":24,"column":null}},"12":{"start":{"line":23,"column":4},"end":{"line":23,"column":null}},"13":{"start":{"line":26,"column":2},"end":{"line":28,"column":null}},"14":{"start":{"line":27,"column":4},"end":{"line":27,"column":null}},"15":{"start":{"line":30,"column":2},"end":{"line":32,"column":null}},"16":{"start":{"line":31,"column":4},"end":{"line":31,"column":null}},"17":{"start":{"line":35,"column":19},"end":{"line":35,"column":null}},"18":{"start":{"line":36,"column":2},"end":{"line":38,"column":null}},"19":{"start":{"line":37,"column":4},"end":{"line":37,"column":null}},"20":{"start":{"line":40,"column":2},"end":{"line":40,"column":null}},"21":{"start":{"line":43,"column":28},"end":{"line":62,"column":null}},"22":{"start":{"line":44,"column":2},"end":{"line":46,"column":null}},"23":{"start":{"line":45,"column":4},"end":{"line":45,"column":null}},"24":{"start":{"line":48,"column":2},"end":{"line":53,"column":null}},"25":{"start":{"line":48,"column":15},"end":{"line":48,"column":18}},"26":{"start":{"line":49,"column":18},"end":{"line":49,"column":null}},"27":{"start":{"line":50,"column":4},"end":{"line":52,"column":null}},"28":{"start":{"line":51,"column":6},"end":{"line":51,"column":null}},"29":{"start":{"line":56,"column":21},"end":{"line":56,"column":null}},"30":{"start":{"line":57,"column":2},"end":{"line":59,"column":null}},"31":{"start":{"line":58,"column":4},"end":{"line":58,"column":null}},"32":{"start":{"line":61,"column":2},"end":{"line":61,"column":null}},"33":{"start":{"line":64,"column":32},"end":{"line":75,"column":null}},"34":{"start":{"line":65,"column":2},"end":{"line":67,"column":null}},"35":{"start":{"line":66,"column":4},"end":{"line":66,"column":null}},"36":{"start":{"line":70,"column":2},"end":{"line":72,"column":null}},"37":{"start":{"line":71,"column":4},"end":{"line":71,"column":null}},"38":{"start":{"line":74,"column":2},"end":{"line":74,"column":null}},"39":{"start":{"line":77,"column":32},"end":{"line":84,"column":null}},"40":{"start":{"line":78,"column":2},"end":{"line":81,"column":null}},"41":{"start":{"line":79,"column":22},"end":{"line":79,"column":null}},"42":{"start":{"line":80,"column":4},"end":{"line":80,"column":null}},"43":{"start":{"line":83,"column":2},"end":{"line":83,"column":null}},"44":{"start":{"line":86,"column":32},"end":{"line":101,"column":null}},"45":{"start":{"line":96,"column":2},"end":{"line":98,"column":null}},"46":{"start":{"line":97,"column":4},"end":{"line":97,"column":null}},"47":{"start":{"line":100,"column":2},"end":{"line":100,"column":null}},"48":{"start":{"line":103,"column":35},"end":{"line":113,"column":null}},"49":{"start":{"line":104,"column":2},"end":{"line":106,"column":null}},"50":{"start":{"line":105,"column":4},"end":{"line":105,"column":null}},"51":{"start":{"line":108,"column":2},"end":{"line":110,"column":null}},"52":{"start":{"line":109,"column":4},"end":{"line":109,"column":null}},"53":{"start":{"line":112,"column":2},"end":{"line":112,"column":null}},"54":{"start":{"line":115,"column":42},"end":{"line":125,"column":null}},"55":{"start":{"line":116,"column":2},"end":{"line":118,"column":null}},"56":{"start":{"line":117,"column":4},"end":{"line":117,"column":null}},"57":{"start":{"line":120,"column":2},"end":{"line":122,"column":null}},"58":{"start":{"line":121,"column":4},"end":{"line":121,"column":null}},"59":{"start":{"line":124,"column":2},"end":{"line":124,"column":null}},"60":{"start":{"line":127,"column":41},"end":{"line":133,"column":null}},"61":{"start":{"line":128,"column":2},"end":{"line":130,"column":null}},"62":{"start":{"line":129,"column":4},"end":{"line":129,"column":null}},"63":{"start":{"line":132,"column":2},"end":{"line":132,"column":null}},"64":{"start":{"line":135,"column":29},"end":{"line":139,"column":null}},"65":{"start":{"line":138,"column":2},"end":{"line":138,"column":null}},"66":{"start":{"line":141,"column":28},"end":{"line":143,"column":null}},"67":{"start":{"line":142,"column":2},"end":{"line":142,"column":null}}},"fnMap":{"0":{"name":"(anonymous_0)","decl":{"start":{"line":1,"column":33},"end":{"line":1,"column":34}},"loc":{"start":{"line":1,"column":67},"end":{"line":11,"column":null}},"line":1},"1":{"name":"(anonymous_1)","decl":{"start":{"line":13,"column":32},"end":{"line":13,"column":33}},"loc":{"start":{"line":13,"column":65},"end":{"line":19,"column":null}},"line":13},"2":{"name":"(anonymous_2)","decl":{"start":{"line":21,"column":27},"end":{"line":21,"column":28}},"loc":{"start":{"line":21,"column":59},"end":{"line":41,"column":null}},"line":21},"3":{"name":"(anonymous_3)","decl":{"start":{"line":43,"column":28},"end":{"line":43,"column":29}},"loc":{"start":{"line":43,"column":63},"end":{"line":62,"column":null}},"line":43},"4":{"name":"(anonymous_4)","decl":{"start":{"line":64,"column":32},"end":{"line":64,"column":33}},"loc":{"start":{"line":64,"column":69},"end":{"line":75,"column":null}},"line":64},"5":{"name":"(anonymous_5)","decl":{"start":{"line":77,"column":32},"end":{"line":77,"column":33}},"loc":{"start":{"line":77,"column":104},"end":{"line":84,"column":null}},"line":77},"6":{"name":"(anonymous_6)","decl":{"start":{"line":86,"column":32},"end":{"line":86,"column":33}},"loc":{"start":{"line":95,"column":21},"end":{"line":101,"column":null}},"line":95},"7":{"name":"(anonymous_7)","decl":{"start":{"line":103,"column":35},"end":{"line":103,"column":36}},"loc":{"start":{"line":103,"column":68},"end":{"line":113,"column":null}},"line":103},"8":{"name":"(anonymous_8)","decl":{"start":{"line":115,"column":42},"end":{"line":115,"column":43}},"loc":{"start":{"line":115,"column":76},"end":{"line":125,"column":null}},"line":115},"9":{"name":"(anonymous_9)","decl":{"start":{"line":127,"column":41},"end":{"line":127,"column":42}},"loc":{"start":{"line":127,"column":74},"end":{"line":133,"column":null}},"line":127},"10":{"name":"(anonymous_10)","decl":{"start":{"line":135,"column":29},"end":{"line":135,"column":30}},"loc":{"start":{"line":135,"column":56},"end":{"line":139,"column":null}},"line":135},"11":{"name":"(anonymous_11)","decl":{"start":{"line":141,"column":28},"end":{"line":141,"column":29}},"loc":{"start":{"line":141,"column":53},"end":{"line":143,"column":null}},"line":141}},"branchMap":{"0":{"loc":{"start":{"line":2,"column":2},"end":{"line":4,"column":null}},"type":"if","locations":[{"start":{"line":2,"column":2},"end":{"line":4,"column":null}},{"start":{},"end":{}}],"line":2},"1":{"loc":{"start":{"line":2,"column":6},"end":{"line":2,"column":43}},"type":"binary-expr","locations":[{"start":{"line":2,"column":6},"end":{"line":2,"column":16}},{"start":{"line":2,"column":16},"end":{"line":2,"column":43}}],"line":2},"2":{"loc":{"start":{"line":6,"column":2},"end":{"line":8,"column":null}},"type":"if","locations":[{"start":{"line":6,"column":2},"end":{"line":8,"column":null}},{"start":{},"end":{}}],"line":6},"3":{"loc":{"start":{"line":14,"column":2},"end":{"line":16,"column":null}},"type":"if","locations":[{"start":{"line":14,"column":2},"end":{"line":16,"column":null}},{"start":{},"end":{}}],"line":14},"4":{"loc":{"start":{"line":14,"column":6},"end":{"line":14,"column":41}},"type":"binary-expr","locations":[{"start":{"line":14,"column":6},"end":{"line":14,"column":15}},{"start":{"line":14,"column":15},"end":{"line":14,"column":41}}],"line":14},"5":{"loc":{"start":{"line":22,"column":2},"end":{"line":24,"column":null}},"type":"if","locations":[{"start":{"line":22,"column":2},"end":{"line":24,"column":null}},{"start":{},"end":{}}],"line":22},"6":{"loc":{"start":{"line":22,"column":6},"end":{"line":22,"column":39}},"type":"binary-expr","locations":[{"start":{"line":22,"column":6},"end":{"line":22,"column":14}},{"start":{"line":22,"column":14},"end":{"line":22,"column":39}}],"line":22},"7":{"loc":{"start":{"line":26,"column":2},"end":{"line":28,"column":null}},"type":"if","locations":[{"start":{"line":26,"column":2},"end":{"line":28,"column":null}},{"start":{},"end":{}}],"line":26},"8":{"loc":{"start":{"line":30,"column":2},"end":{"line":32,"column":null}},"type":"if","locations":[{"start":{"line":30,"column":2},"end":{"line":32,"column":null}},{"start":{},"end":{}}],"line":30},"9":{"loc":{"start":{"line":36,"column":2},"end":{"line":38,"column":null}},"type":"if","locations":[{"start":{"line":36,"column":2},"end":{"line":38,"column":null}},{"start":{},"end":{}}],"line":36},"10":{"loc":{"start":{"line":44,"column":2},"end":{"line":46,"column":null}},"type":"if","locations":[{"start":{"line":44,"column":2},"end":{"line":46,"column":null}},{"start":{},"end":{}}],"line":44},"11":{"loc":{"start":{"line":50,"column":4},"end":{"line":52,"column":null}},"type":"if","locations":[{"start":{"line":50,"column":4},"end":{"line":52,"column":null}},{"start":{},"end":{}}],"line":50},"12":{"loc":{"start":{"line":57,"column":2},"end":{"line":59,"column":null}},"type":"if","locations":[{"start":{"line":57,"column":2},"end":{"line":59,"column":null}},{"start":{},"end":{}}],"line":57},"13":{"loc":{"start":{"line":65,"column":2},"end":{"line":67,"column":null}},"type":"if","locations":[{"start":{"line":65,"column":2},"end":{"line":67,"column":null}},{"start":{},"end":{}}],"line":65},"14":{"loc":{"start":{"line":65,"column":6},"end":{"line":65,"column":49}},"type":"binary-expr","locations":[{"start":{"line":65,"column":6},"end":{"line":65,"column":19}},{"start":{"line":65,"column":19},"end":{"line":65,"column":49}}],"line":65},"15":{"loc":{"start":{"line":70,"column":2},"end":{"line":72,"column":null}},"type":"if","locations":[{"start":{"line":70,"column":2},"end":{"line":72,"column":null}},{"start":{},"end":{}}],"line":70},"16":{"loc":{"start":{"line":70,"column":6},"end":{"line":70,"column":57}},"type":"binary-expr","locations":[{"start":{"line":70,"column":6},"end":{"line":70,"column":32}},{"start":{"line":70,"column":32},"end":{"line":70,"column":57}}],"line":70},"17":{"loc":{"start":{"line":77,"column":51},"end":{"line":77,"column":104}},"type":"default-arg","locations":[{"start":{"line":77,"column":69},"end":{"line":77,"column":104}}],"line":77},"18":{"loc":{"start":{"line":78,"column":2},"end":{"line":81,"column":null}},"type":"if","locations":[{"start":{"line":78,"column":2},"end":{"line":81,"column":null}},{"start":{},"end":{}}],"line":78},"19":{"loc":{"start":{"line":86,"column":51},"end":{"line":95,"column":21}},"type":"default-arg","locations":[{"start":{"line":86,"column":76},"end":{"line":95,"column":21}}],"line":86},"20":{"loc":{"start":{"line":96,"column":2},"end":{"line":98,"column":null}},"type":"if","locations":[{"start":{"line":96,"column":2},"end":{"line":98,"column":null}},{"start":{},"end":{}}],"line":96},"21":{"loc":{"start":{"line":104,"column":2},"end":{"line":106,"column":null}},"type":"if","locations":[{"start":{"line":104,"column":2},"end":{"line":106,"column":null}},{"start":{},"end":{}}],"line":104},"22":{"loc":{"start":{"line":104,"column":6},"end":{"line":104,"column":41}},"type":"binary-expr","locations":[{"start":{"line":104,"column":6},"end":{"line":104,"column":15}},{"start":{"line":104,"column":15},"end":{"line":104,"column":41}}],"line":104},"23":{"loc":{"start":{"line":108,"column":2},"end":{"line":110,"column":null}},"type":"if","locations":[{"start":{"line":108,"column":2},"end":{"line":110,"column":null}},{"start":{},"end":{}}],"line":108},"24":{"loc":{"start":{"line":116,"column":2},"end":{"line":118,"column":null}},"type":"if","locations":[{"start":{"line":116,"column":2},"end":{"line":118,"column":null}},{"start":{},"end":{}}],"line":116},"25":{"loc":{"start":{"line":116,"column":6},"end":{"line":116,"column":43}},"type":"binary-expr","locations":[{"start":{"line":116,"column":6},"end":{"line":116,"column":16}},{"start":{"line":116,"column":16},"end":{"line":116,"column":43}}],"line":116},"26":{"loc":{"start":{"line":120,"column":2},"end":{"line":122,"column":null}},"type":"if","locations":[{"start":{"line":120,"column":2},"end":{"line":122,"column":null}},{"start":{},"end":{}}],"line":120},"27":{"loc":{"start":{"line":128,"column":2},"end":{"line":130,"column":null}},"type":"if","locations":[{"start":{"line":128,"column":2},"end":{"line":130,"column":null}},{"start":{},"end":{}}],"line":128},"28":{"loc":{"start":{"line":128,"column":6},"end":{"line":128,"column":41}},"type":"binary-expr","locations":[{"start":{"line":128,"column":6},"end":{"line":128,"column":15}},{"start":{"line":128,"column":15},"end":{"line":128,"column":41}}],"line":128}},"s":{"0":2,"1":4,"2":1,"3":3,"4":0,"5":3,"6":2,"7":3,"8":0,"9":3,"10":2,"11":19,"12":2,"13":17,"14":0,"15":17,"16":0,"17":17,"18":17,"19":0,"20":17,"21":2,"22":7,"23":0,"24":7,"25":7,"26":19,"27":19,"28":2,"29":5,"30":5,"31":1,"32":4,"33":2,"34":0,"35":0,"36":0,"37":0,"38":0,"39":2,"40":0,"41":0,"42":0,"43":0,"44":2,"45":0,"46":0,"47":0,"48":2,"49":0,"50":0,"51":0,"52":0,"53":0,"54":2,"55":0,"56":0,"57":0,"58":0,"59":0,"60":2,"61":0,"62":0,"63":0,"64":2,"65":13,"66":2,"67":0},"f":{"0":4,"1":3,"2":19,"3":7,"4":0,"5":0,"6":0,"7":0,"8":0,"9":0,"10":13,"11":0},"b":{"0":[1,3],"1":[4,3],"2":[0,3],"3":[0,3],"4":[3,3],"5":[2,17],"6":[19,17],"7":[0,17],"8":[0,17],"9":[0,17],"10":[0,7],"11":[2,17],"12":[1,4],"13":[0,0],"14":[0,0],"15":[0,0],"16":[0,0],"17":[0],"18":[0,0],"19":[0],"20":[0,0],"21":[0,0],"22":[0,0],"23":[0,0],"24":[0,0],"25":[0,0],"26":[0,0],"27":[0,0],"28":[0,0]},"meta":{"lastBranch":29,"lastFunction":12,"lastStatement":68,"seen":{"s:1:33:11:Infinity":0,"f:1:33:1:34":0,"b:2:2:4:Infinity:undefined:undefined:undefined:undefined":0,"s:2:2:4:Infinity":1,"b:2:6:2:16:2:16:2:43":1,"s:3:4:3:Infinity":2,"b:6:2:8:Infinity:undefined:undefined:undefined:undefined":2,"s:6:2:8:Infinity":3,"s:7:4:7:Infinity":4,"s:10:2:10:Infinity":5,"s:13:32:19:Infinity":6,"f:13:32:13:33":1,"b:14:2:16:Infinity:undefined:undefined:undefined:undefined":3,"s:14:2:16:Infinity":7,"b:14:6:14:15:14:15:14:41":4,"s:15:4:15:Infinity":8,"s:18:2:18:Infinity":9,"s:21:27:41:Infinity":10,"f:21:27:21:28":2,"b:22:2:24:Infinity:undefined:undefined:undefined:undefined":5,"s:22:2:24:Infinity":11,"b:22:6:22:14:22:14:22:39":6,"s:23:4:23:Infinity":12,"b:26:2:28:Infinity:undefined:undefined:undefined:undefined":7,"s:26:2:28:Infinity":13,"s:27:4:27:Infinity":14,"b:30:2:32:Infinity:undefined:undefined:undefined:undefined":8,"s:30:2:32:Infinity":15,"s:31:4:31:Infinity":16,"s:35:19:35:Infinity":17,"b:36:2:38:Infinity:undefined:undefined:undefined:undefined":9,"s:36:2:38:Infinity":18,"s:37:4:37:Infinity":19,"s:40:2:40:Infinity":20,"s:43:28:62:Infinity":21,"f:43:28:43:29":3,"b:44:2:46:Infinity:undefined:undefined:undefined:undefined":10,"s:44:2:46:Infinity":22,"s:45:4:45:Infinity":23,"s:48:2:53:Infinity":24,"s:48:15:48:18":25,"s:49:18:49:Infinity":26,"b:50:4:52:Infinity:undefined:undefined:undefined:undefined":11,"s:50:4:52:Infinity":27,"s:51:6:51:Infinity":28,"s:56:21:56:Infinity":29,"b:57:2:59:Infinity:undefined:undefined:undefined:undefined":12,"s:57:2:59:Infinity":30,"s:58:4:58:Infinity":31,"s:61:2:61:Infinity":32,"s:64:32:75:Infinity":33,"f:64:32:64:33":4,"b:65:2:67:Infinity:undefined:undefined:undefined:undefined":13,"s:65:2:67:Infinity":34,"b:65:6:65:19:65:19:65:49":14,"s:66:4:66:Infinity":35,"b:70:2:72:Infinity:undefined:undefined:undefined:undefined":15,"s:70:2:72:Infinity":36,"b:70:6:70:32:70:32:70:57":16,"s:71:4:71:Infinity":37,"s:74:2:74:Infinity":38,"s:77:32:84:Infinity":39,"f:77:32:77:33":5,"b:77:69:77:104":17,"b:78:2:81:Infinity:undefined:undefined:undefined:undefined":18,"s:78:2:81:Infinity":40,"s:79:22:79:Infinity":41,"s:80:4:80:Infinity":42,"s:83:2:83:Infinity":43,"s:86:32:101:Infinity":44,"f:86:32:86:33":6,"b:86:76:95:21":19,"b:96:2:98:Infinity:undefined:undefined:undefined:undefined":20,"s:96:2:98:Infinity":45,"s:97:4:97:Infinity":46,"s:100:2:100:Infinity":47,"s:103:35:113:Infinity":48,"f:103:35:103:36":7,"b:104:2:106:Infinity:undefined:undefined:undefined:undefined":21,"s:104:2:106:Infinity":49,"b:104:6:104:15:104:15:104:41":22,"s:105:4:105:Infinity":50,"b:108:2:110:Infinity:undefined:undefined:undefined:undefined":23,"s:108:2:110:Infinity":51,"s:109:4:109:Infinity":52,"s:112:2:112:Infinity":53,"s:115:42:125:Infinity":54,"f:115:42:115:43":8,"b:116:2:118:Infinity:undefined:undefined:undefined:undefined":24,"s:116:2:118:Infinity":55,"b:116:6:116:16:116:16:116:43":25,"s:117:4:117:Infinity":56,"b:120:2:122:Infinity:undefined:undefined:undefined:undefined":26,"s:120:2:122:Infinity":57,"s:121:4:121:Infinity":58,"s:124:2:124:Infinity":59,"s:127:41:133:Infinity":60,"f:127:41:127:42":9,"b:128:2:130:Infinity:undefined:undefined:undefined:undefined":27,"s:128:2:130:Infinity":61,"b:128:6:128:15:128:15:128:41":28,"s:129:4:129:Infinity":62,"s:132:2:132:Infinity":63,"s:135:29:139:Infinity":64,"f:135:29:135:30":10,"s:138:2:138:Infinity":65,"s:141:28:143:Infinity":66,"f:141:28:141:29":11,"s:142:2:142:Infinity":67}}}
}
